[2025-01-21 21:43:48,782: INFO: main: >>>>>>>>>>>>>>>Stage Data Ingestion Stage started<<<<<<<<<<<<<<<<<<<<<<<<<]
[2025-01-21 21:43:48,782: INFO: common: Attempting to read YAML file from: C:\Users\Arpit Kadam\Desktop\Insurance-Fraud-Detection\config\config.yaml]
[2025-01-21 21:43:48,796: INFO: common: Attempting to read YAML file from: C:\Users\Arpit Kadam\Desktop\Insurance-Fraud-Detection\params.yaml]
[2025-01-21 21:43:48,806: INFO: common: Attempting to read YAML file from: C:\Users\Arpit Kadam\Desktop\Insurance-Fraud-Detection\schema.yaml]
[2025-01-21 21:43:48,809: INFO: configuration: Config: {'artifacts_root': 'artifacts', 'data_ingestion': {'root_dir': 'artifacts/data_ingestion', 'source_url': 'https://github.com/ArpitKadam/Insurance-Fraud-Detection/raw/refs/heads/main/data/data.zip', 'local_data_file': 'artifacts/data_ingestion/data.zip', 'unzip_dir': 'artifacts/data_ingestion'}}]
[2025-01-21 21:43:48,811: INFO: configuration: Params: {'key': 'value'}]
[2025-01-21 21:43:48,812: INFO: configuration: Schema: {'key': 'value'}]
[2025-01-21 21:43:48,812: INFO: configuration: Artifacts Root: artifacts]
[2025-01-21 21:43:48,815: INFO: common: Directory created: artifacts]
[2025-01-21 21:43:48,816: INFO: configuration: Config: {'root_dir': 'artifacts/data_ingestion', 'source_url': 'https://github.com/ArpitKadam/Insurance-Fraud-Detection/raw/refs/heads/main/data/data.zip', 'local_data_file': 'artifacts/data_ingestion/data.zip', 'unzip_dir': 'artifacts/data_ingestion'}]
[2025-01-21 21:43:48,817: INFO: common: Directory created: artifacts/data_ingestion]
[2025-01-21 21:43:48,818: INFO: configuration: Root Dir: artifacts/data_ingestion]
[2025-01-21 21:43:48,818: INFO: configuration: Data Ingestion Config: DataIngestionConfig(root_dir='artifacts/data_ingestion', source_url='https://github.com/ArpitKadam/Insurance-Fraud-Detection/raw/refs/heads/main/data/data.zip', local_data_file='artifacts/data_ingestion/data.zip', unzip_dir='artifacts/data_ingestion')]
[2025-01-21 21:43:48,819: INFO: configuration: Data Ingestion Config Root Dir: artifacts/data_ingestion]
[2025-01-21 21:43:48,820: INFO: configuration: Data Ingestion Config Source URL: https://github.com/ArpitKadam/Insurance-Fraud-Detection/raw/refs/heads/main/data/data.zip]
[2025-01-21 21:43:48,820: INFO: configuration: Data Ingestion Config Local Data File: artifacts/data_ingestion/data.zip]
[2025-01-21 21:43:48,821: INFO: configuration: Data Ingestion Config Unzip Dir: artifacts/data_ingestion]
[2025-01-21 21:43:48,821: INFO: data_ingestion: Downloading data from https://github.com/ArpitKadam/Insurance-Fraud-Detection/raw/refs/heads/main/data/data.zip]
[2025-01-21 21:43:49,581: INFO: data_ingestion: Downloaded data from https://github.com/ArpitKadam/Insurance-Fraud-Detection/raw/refs/heads/main/data/data.zip to artifacts/data_ingestion/data.zip]
[2025-01-21 21:43:49,612: INFO: data_ingestion: Extracted data from artifacts/data_ingestion/data.zip to artifacts/data_ingestion]
[2025-01-21 21:43:49,613: INFO: data_ingestion: Data ingestion completed successfully. Files are saved in artifacts/data_ingestion]
[2025-01-21 21:43:49,613: INFO: main: >>>>>>>>>>>>>>>Stage Data Ingestion Stage completed<<<<<<<<<<<<<<<<<<<<<<<]
