[2025-01-22 01:11:09,275: INFO: main: >>>>>>>>>>>>>>>Stage Data Ingestion Stage started<<<<<<<<<<<<<<<<<<<<<<<<<]
[2025-01-22 01:11:09,276: INFO: common: Attempting to read YAML file from: C:\Users\Arpit Kadam\Desktop\Insurance-Fraud-Detection\config\config.yaml]
[2025-01-22 01:11:09,279: INFO: common: Attempting to read YAML file from: C:\Users\Arpit Kadam\Desktop\Insurance-Fraud-Detection\params.yaml]
[2025-01-22 01:11:09,280: INFO: common: Attempting to read YAML file from: C:\Users\Arpit Kadam\Desktop\Insurance-Fraud-Detection\schema.yaml]
[2025-01-22 01:11:09,287: INFO: configuration: Config: {'artifacts_root': 'artifacts', 'data_ingestion': {'root_dir': 'artifacts/data_ingestion', 'source_url': 'https://github.com/ArpitKadam/Insurance-Fraud-Detection/raw/refs/heads/main/data/data.zip', 'local_data_file': 'artifacts/data_ingestion/data.zip', 'unzip_dir': 'artifacts/data_ingestion'}, 'data_validation': {'root_dir': 'artifacts/data_validation', 'unzip_data_dir': 'artifacts/data_ingestion/insurance_claims.csv', 'STATUS_FILE': 'artifacts/data_validation/STATUS.txt'}, 'data_transformation': {'root_dir': 'artifacts/data_transformation', 'data_path': 'artifacts/data_ingestion/insurance_claims.csv'}}]
[2025-01-22 01:11:09,329: INFO: configuration: Params: {'key': 'value'}]
[2025-01-22 01:11:09,329: INFO: configuration: Schema: {'COLUMNS': {'months_as_customer': 'int64', 'age': 'int64', 'policy_number': 'int64', 'policy_bind_date': 'object', 'policy_state': 'object', 'policy_csl': 'object', 'policy_deductable': 'int64', 'policy_annual_premium': 'float64', 'umbrella_limit': 'int64', 'insured_zip': 'int64', 'insured_sex': 'object', 'insured_education_level': 'object', 'insured_occupation': 'object', 'insured_hobbies': 'object', 'insured_relationship': 'object', 'capital-gains': 'int64', 'capital-loss': 'int64', 'incident_date': 'object', 'incident_type': 'object', 'collision_type': 'object', 'incident_severity': 'object', 'authorities_contacted': 'object', 'incident_state': 'object', 'incident_city': 'object', 'incident_location': 'object', 'incident_hour_of_the_day': 'int64', 'number_of_vehicles_involved': 'int64', 'property_damage': 'object', 'bodily_injuries': 'int64', 'witnesses': 'int64', 'police_report_available': 'object', 'total_claim_amount': 'int64', 'injury_claim': 'int64', 'property_claim': 'int64', 'vehicle_claim': 'int64', 'auto_make': 'object', 'auto_model': 'object', 'auto_year': 'int64', 'fraud_reported': 'object'}, 'TARGET_COLUMN': {'fraud_reported': 'object'}}]
[2025-01-22 01:11:09,330: INFO: configuration: Artifacts Root: artifacts]
[2025-01-22 01:11:09,330: INFO: common: Directory created: artifacts]
[2025-01-22 01:11:09,330: INFO: configuration: Config: {'root_dir': 'artifacts/data_ingestion', 'source_url': 'https://github.com/ArpitKadam/Insurance-Fraud-Detection/raw/refs/heads/main/data/data.zip', 'local_data_file': 'artifacts/data_ingestion/data.zip', 'unzip_dir': 'artifacts/data_ingestion'}]
[2025-01-22 01:11:09,331: INFO: common: Directory created: artifacts/data_ingestion]
[2025-01-22 01:11:09,331: INFO: configuration: Root Dir: artifacts/data_ingestion]
[2025-01-22 01:11:09,332: INFO: configuration: Data Ingestion Config: DataIngestionConfig(root_dir='artifacts/data_ingestion', source_url='https://github.com/ArpitKadam/Insurance-Fraud-Detection/raw/refs/heads/main/data/data.zip', local_data_file='artifacts/data_ingestion/data.zip', unzip_dir='artifacts/data_ingestion')]
[2025-01-22 01:11:09,333: INFO: configuration: Data Ingestion Config Root Dir: artifacts/data_ingestion]
[2025-01-22 01:11:09,333: INFO: configuration: Data Ingestion Config Source URL: https://github.com/ArpitKadam/Insurance-Fraud-Detection/raw/refs/heads/main/data/data.zip]
[2025-01-22 01:11:09,334: INFO: configuration: Data Ingestion Config Local Data File: artifacts/data_ingestion/data.zip]
[2025-01-22 01:11:09,336: INFO: configuration: Data Ingestion Config Unzip Dir: artifacts/data_ingestion]
[2025-01-22 01:11:09,337: INFO: data_ingestion: Downloading data from https://github.com/ArpitKadam/Insurance-Fraud-Detection/raw/refs/heads/main/data/data.zip]
[2025-01-22 01:11:09,338: INFO: data_ingestion: Extracting data from artifacts/data_ingestion/data.zip]
[2025-01-22 01:11:09,344: INFO: data_ingestion: Extracted data from artifacts/data_ingestion/data.zip to artifacts/data_ingestion]
[2025-01-22 01:11:09,345: INFO: data_ingestion: Data ingestion completed successfully. Files are saved in artifacts/data_ingestion]
[2025-01-22 01:11:09,346: INFO: main: >>>>>>>>>>>>>>>Stage Data Ingestion Stage completed<<<<<<<<<<<<<<<<<<<<<<<]
[2025-01-22 01:11:09,346: INFO: main: >>>>>>>>>>>>>>>Stage Data Validation Stage started<<<<<<<<<<<<<<<<<<<<<<<<<]
[2025-01-22 01:11:09,347: INFO: common: Attempting to read YAML file from: C:\Users\Arpit Kadam\Desktop\Insurance-Fraud-Detection\config\config.yaml]
[2025-01-22 01:11:09,355: INFO: common: Attempting to read YAML file from: C:\Users\Arpit Kadam\Desktop\Insurance-Fraud-Detection\params.yaml]
[2025-01-22 01:11:09,360: INFO: common: Attempting to read YAML file from: C:\Users\Arpit Kadam\Desktop\Insurance-Fraud-Detection\schema.yaml]
[2025-01-22 01:11:09,367: INFO: configuration: Config: {'artifacts_root': 'artifacts', 'data_ingestion': {'root_dir': 'artifacts/data_ingestion', 'source_url': 'https://github.com/ArpitKadam/Insurance-Fraud-Detection/raw/refs/heads/main/data/data.zip', 'local_data_file': 'artifacts/data_ingestion/data.zip', 'unzip_dir': 'artifacts/data_ingestion'}, 'data_validation': {'root_dir': 'artifacts/data_validation', 'unzip_data_dir': 'artifacts/data_ingestion/insurance_claims.csv', 'STATUS_FILE': 'artifacts/data_validation/STATUS.txt'}, 'data_transformation': {'root_dir': 'artifacts/data_transformation', 'data_path': 'artifacts/data_ingestion/insurance_claims.csv'}}]
[2025-01-22 01:11:09,369: INFO: configuration: Params: {'key': 'value'}]
[2025-01-22 01:11:09,371: INFO: configuration: Schema: {'COLUMNS': {'months_as_customer': 'int64', 'age': 'int64', 'policy_number': 'int64', 'policy_bind_date': 'object', 'policy_state': 'object', 'policy_csl': 'object', 'policy_deductable': 'int64', 'policy_annual_premium': 'float64', 'umbrella_limit': 'int64', 'insured_zip': 'int64', 'insured_sex': 'object', 'insured_education_level': 'object', 'insured_occupation': 'object', 'insured_hobbies': 'object', 'insured_relationship': 'object', 'capital-gains': 'int64', 'capital-loss': 'int64', 'incident_date': 'object', 'incident_type': 'object', 'collision_type': 'object', 'incident_severity': 'object', 'authorities_contacted': 'object', 'incident_state': 'object', 'incident_city': 'object', 'incident_location': 'object', 'incident_hour_of_the_day': 'int64', 'number_of_vehicles_involved': 'int64', 'property_damage': 'object', 'bodily_injuries': 'int64', 'witnesses': 'int64', 'police_report_available': 'object', 'total_claim_amount': 'int64', 'injury_claim': 'int64', 'property_claim': 'int64', 'vehicle_claim': 'int64', 'auto_make': 'object', 'auto_model': 'object', 'auto_year': 'int64', 'fraud_reported': 'object'}, 'TARGET_COLUMN': {'fraud_reported': 'object'}}]
[2025-01-22 01:11:09,372: INFO: configuration: Artifacts Root: artifacts]
[2025-01-22 01:11:09,373: INFO: common: Directory created: artifacts]
[2025-01-22 01:11:09,375: INFO: common: Directory created: artifacts/data_validation]
[2025-01-22 01:11:09,376: INFO: configuration: Data Validation Config: DataValidationConfig(root_dir='artifacts/data_validation', unzip_data_dir='artifacts/data_ingestion/insurance_claims.csv', STATUS_FILE='artifacts/data_validation/STATUS.txt', all_schema={'months_as_customer': 'int64', 'age': 'int64', 'policy_number': 'int64', 'policy_bind_date': 'object', 'policy_state': 'object', 'policy_csl': 'object', 'policy_deductable': 'int64', 'policy_annual_premium': 'float64', 'umbrella_limit': 'int64', 'insured_zip': 'int64', 'insured_sex': 'object', 'insured_education_level': 'object', 'insured_occupation': 'object', 'insured_hobbies': 'object', 'insured_relationship': 'object', 'capital-gains': 'int64', 'capital-loss': 'int64', 'incident_date': 'object', 'incident_type': 'object', 'collision_type': 'object', 'incident_severity': 'object', 'authorities_contacted': 'object', 'incident_state': 'object', 'incident_city': 'object', 'incident_location': 'object', 'incident_hour_of_the_day': 'int64', 'number_of_vehicles_involved': 'int64', 'property_damage': 'object', 'bodily_injuries': 'int64', 'witnesses': 'int64', 'police_report_available': 'object', 'total_claim_amount': 'int64', 'injury_claim': 'int64', 'property_claim': 'int64', 'vehicle_claim': 'int64', 'auto_make': 'object', 'auto_model': 'object', 'auto_year': 'int64', 'fraud_reported': 'object'})]
[2025-01-22 01:11:09,378: INFO: configuration: Data Validation Config Root Dir: artifacts/data_validation]
[2025-01-22 01:11:09,378: INFO: configuration: Data Validation Config Unzip Data Dir: artifacts/data_ingestion/insurance_claims.csv]
[2025-01-22 01:11:09,378: INFO: configuration: Data Validation Config Status File: artifacts/data_validation/STATUS.txt]
[2025-01-22 01:11:09,379: INFO: configuration: Data Validation Config All Schema: {'months_as_customer': 'int64', 'age': 'int64', 'policy_number': 'int64', 'policy_bind_date': 'object', 'policy_state': 'object', 'policy_csl': 'object', 'policy_deductable': 'int64', 'policy_annual_premium': 'float64', 'umbrella_limit': 'int64', 'insured_zip': 'int64', 'insured_sex': 'object', 'insured_education_level': 'object', 'insured_occupation': 'object', 'insured_hobbies': 'object', 'insured_relationship': 'object', 'capital-gains': 'int64', 'capital-loss': 'int64', 'incident_date': 'object', 'incident_type': 'object', 'collision_type': 'object', 'incident_severity': 'object', 'authorities_contacted': 'object', 'incident_state': 'object', 'incident_city': 'object', 'incident_location': 'object', 'incident_hour_of_the_day': 'int64', 'number_of_vehicles_involved': 'int64', 'property_damage': 'object', 'bodily_injuries': 'int64', 'witnesses': 'int64', 'police_report_available': 'object', 'total_claim_amount': 'int64', 'injury_claim': 'int64', 'property_claim': 'int64', 'vehicle_claim': 'int64', 'auto_make': 'object', 'auto_model': 'object', 'auto_year': 'int64', 'fraud_reported': 'object'}]
[2025-01-22 01:11:09,380: INFO: data_validation: Validating all columns in artifacts/data_ingestion/insurance_claims.csv]
[2025-01-22 01:11:09,427: INFO: data_validation: Reading data from artifacts/data_ingestion/insurance_claims.csv]
[2025-01-22 01:11:09,428: INFO: data_validation: Checking column: months_as_customer, Expected: int64, Found: int64]
[2025-01-22 01:11:09,429: INFO: data_validation: Checking column: age, Expected: int64, Found: int64]
[2025-01-22 01:11:09,430: INFO: data_validation: Checking column: policy_number, Expected: int64, Found: int64]
[2025-01-22 01:11:09,430: INFO: data_validation: Checking column: policy_bind_date, Expected: object, Found: object]
[2025-01-22 01:11:09,431: INFO: data_validation: Checking column: policy_state, Expected: object, Found: object]
[2025-01-22 01:11:09,431: INFO: data_validation: Checking column: policy_csl, Expected: object, Found: object]
[2025-01-22 01:11:09,432: INFO: data_validation: Checking column: policy_deductable, Expected: int64, Found: int64]
[2025-01-22 01:11:09,433: INFO: data_validation: Checking column: policy_annual_premium, Expected: float64, Found: float64]
[2025-01-22 01:11:09,434: INFO: data_validation: Checking column: umbrella_limit, Expected: int64, Found: int64]
[2025-01-22 01:11:09,436: INFO: data_validation: Checking column: insured_zip, Expected: int64, Found: int64]
[2025-01-22 01:11:09,438: INFO: data_validation: Checking column: insured_sex, Expected: object, Found: object]
[2025-01-22 01:11:09,438: INFO: data_validation: Checking column: insured_education_level, Expected: object, Found: object]
[2025-01-22 01:11:09,440: INFO: data_validation: Checking column: insured_occupation, Expected: object, Found: object]
[2025-01-22 01:11:09,441: INFO: data_validation: Checking column: insured_hobbies, Expected: object, Found: object]
[2025-01-22 01:11:09,443: INFO: data_validation: Checking column: insured_relationship, Expected: object, Found: object]
[2025-01-22 01:11:09,443: INFO: data_validation: Checking column: capital-gains, Expected: int64, Found: int64]
[2025-01-22 01:11:09,444: INFO: data_validation: Checking column: capital-loss, Expected: int64, Found: int64]
[2025-01-22 01:11:09,444: INFO: data_validation: Checking column: incident_date, Expected: object, Found: object]
[2025-01-22 01:11:09,445: INFO: data_validation: Checking column: incident_type, Expected: object, Found: object]
[2025-01-22 01:11:09,445: INFO: data_validation: Checking column: collision_type, Expected: object, Found: object]
[2025-01-22 01:11:09,446: INFO: data_validation: Checking column: incident_severity, Expected: object, Found: object]
[2025-01-22 01:11:09,447: INFO: data_validation: Checking column: authorities_contacted, Expected: object, Found: object]
[2025-01-22 01:11:09,447: INFO: data_validation: Checking column: incident_state, Expected: object, Found: object]
[2025-01-22 01:11:09,448: INFO: data_validation: Checking column: incident_city, Expected: object, Found: object]
[2025-01-22 01:11:09,448: INFO: data_validation: Checking column: incident_location, Expected: object, Found: object]
[2025-01-22 01:11:09,449: INFO: data_validation: Checking column: incident_hour_of_the_day, Expected: int64, Found: int64]
[2025-01-22 01:11:09,449: INFO: data_validation: Checking column: number_of_vehicles_involved, Expected: int64, Found: int64]
[2025-01-22 01:11:09,451: INFO: data_validation: Checking column: property_damage, Expected: object, Found: object]
[2025-01-22 01:11:09,451: INFO: data_validation: Checking column: bodily_injuries, Expected: int64, Found: int64]
[2025-01-22 01:11:09,452: INFO: data_validation: Checking column: witnesses, Expected: int64, Found: int64]
[2025-01-22 01:11:09,453: INFO: data_validation: Checking column: police_report_available, Expected: object, Found: object]
[2025-01-22 01:11:09,454: INFO: data_validation: Checking column: total_claim_amount, Expected: int64, Found: int64]
[2025-01-22 01:11:09,454: INFO: data_validation: Checking column: injury_claim, Expected: int64, Found: int64]
[2025-01-22 01:11:09,455: INFO: data_validation: Checking column: property_claim, Expected: int64, Found: int64]
[2025-01-22 01:11:09,456: INFO: data_validation: Checking column: vehicle_claim, Expected: int64, Found: int64]
[2025-01-22 01:11:09,457: INFO: data_validation: Checking column: auto_make, Expected: object, Found: object]
[2025-01-22 01:11:09,458: INFO: data_validation: Checking column: auto_model, Expected: object, Found: object]
[2025-01-22 01:11:09,459: INFO: data_validation: Checking column: auto_year, Expected: int64, Found: int64]
[2025-01-22 01:11:09,460: INFO: data_validation: Checking column: fraud_reported, Expected: object, Found: object]
[2025-01-22 01:11:09,460: INFO: data_validation: All columns are valid and have correct data types.]
[2025-01-22 01:11:09,462: INFO: data_validation: Writing validation status to artifacts/data_validation/STATUS.txt]
[2025-01-22 01:11:09,696: INFO: data_validation: Validation completed successfully. Status file saved to artifacts/data_validation/STATUS.txt]
[2025-01-22 01:11:09,697: INFO: data_validation: Validation status: True]
[2025-01-22 01:11:09,698: INFO: main: >>>>>>>>>>>>>>>Stage Data Validation Stage completed<<<<<<<<<<<<<<<<<<<<<<<]
[2025-01-22 01:11:09,699: INFO: main: >>>>>>>>>>>>>>>Stage Data Transformation Stage started<<<<<<<<<<<<<<<<<<<<<<<<<]
[2025-01-22 01:11:09,706: INFO: common: Attempting to read YAML file from: C:\Users\Arpit Kadam\Desktop\Insurance-Fraud-Detection\config\config.yaml]
[2025-01-22 01:11:09,711: INFO: common: Attempting to read YAML file from: C:\Users\Arpit Kadam\Desktop\Insurance-Fraud-Detection\params.yaml]
[2025-01-22 01:11:09,713: INFO: common: Attempting to read YAML file from: C:\Users\Arpit Kadam\Desktop\Insurance-Fraud-Detection\schema.yaml]
[2025-01-22 01:11:09,723: INFO: configuration: Config: {'artifacts_root': 'artifacts', 'data_ingestion': {'root_dir': 'artifacts/data_ingestion', 'source_url': 'https://github.com/ArpitKadam/Insurance-Fraud-Detection/raw/refs/heads/main/data/data.zip', 'local_data_file': 'artifacts/data_ingestion/data.zip', 'unzip_dir': 'artifacts/data_ingestion'}, 'data_validation': {'root_dir': 'artifacts/data_validation', 'unzip_data_dir': 'artifacts/data_ingestion/insurance_claims.csv', 'STATUS_FILE': 'artifacts/data_validation/STATUS.txt'}, 'data_transformation': {'root_dir': 'artifacts/data_transformation', 'data_path': 'artifacts/data_ingestion/insurance_claims.csv'}}]
[2025-01-22 01:11:09,725: INFO: configuration: Params: {'key': 'value'}]
[2025-01-22 01:11:09,726: INFO: configuration: Schema: {'COLUMNS': {'months_as_customer': 'int64', 'age': 'int64', 'policy_number': 'int64', 'policy_bind_date': 'object', 'policy_state': 'object', 'policy_csl': 'object', 'policy_deductable': 'int64', 'policy_annual_premium': 'float64', 'umbrella_limit': 'int64', 'insured_zip': 'int64', 'insured_sex': 'object', 'insured_education_level': 'object', 'insured_occupation': 'object', 'insured_hobbies': 'object', 'insured_relationship': 'object', 'capital-gains': 'int64', 'capital-loss': 'int64', 'incident_date': 'object', 'incident_type': 'object', 'collision_type': 'object', 'incident_severity': 'object', 'authorities_contacted': 'object', 'incident_state': 'object', 'incident_city': 'object', 'incident_location': 'object', 'incident_hour_of_the_day': 'int64', 'number_of_vehicles_involved': 'int64', 'property_damage': 'object', 'bodily_injuries': 'int64', 'witnesses': 'int64', 'police_report_available': 'object', 'total_claim_amount': 'int64', 'injury_claim': 'int64', 'property_claim': 'int64', 'vehicle_claim': 'int64', 'auto_make': 'object', 'auto_model': 'object', 'auto_year': 'int64', 'fraud_reported': 'object'}, 'TARGET_COLUMN': {'fraud_reported': 'object'}}]
[2025-01-22 01:11:09,728: INFO: configuration: Artifacts Root: artifacts]
[2025-01-22 01:11:09,730: INFO: common: Directory created: artifacts]
[2025-01-22 01:11:09,731: INFO: common: Directory created: artifacts/data_transformation]
[2025-01-22 01:11:09,731: INFO: configuration: Data Transformation Config: DataTransformationConfig(root_dir='artifacts/data_transformation', data_path='artifacts/data_ingestion/insurance_claims.csv')]
[2025-01-22 01:11:09,732: INFO: configuration: Data Transformation Config Root Dir: artifacts/data_transformation]
[2025-01-22 01:11:09,734: INFO: configuration: Data Transformation Config Data Path: artifacts/data_ingestion/insurance_claims.csv]
[2025-01-22 01:11:09,736: INFO: data_transformation: Reading data from artifacts/data_ingestion/insurance_claims.csv]
[2025-01-22 01:11:09,754: INFO: data_transformation: Data read successfully from artifacts/data_ingestion/insurance_claims.csv]
[2025-01-22 01:11:09,756: INFO: data_transformation: Numerical columns: Index(['months_as_customer', 'age', 'policy_number', 'policy_deductable',
       'policy_annual_premium', 'umbrella_limit', 'insured_zip',
       'capital-gains', 'capital-loss', 'incident_hour_of_the_day',
       'number_of_vehicles_involved', 'bodily_injuries', 'witnesses',
       'total_claim_amount', 'injury_claim', 'property_claim', 'vehicle_claim',
       'auto_year'],
      dtype='object')]
[2025-01-22 01:11:09,758: INFO: data_transformation: Categorical columns: Index(['policy_bind_date', 'policy_state', 'policy_csl', 'insured_sex',
       'insured_education_level', 'insured_occupation', 'insured_hobbies',
       'insured_relationship', 'incident_date', 'incident_type',
       'collision_type', 'incident_severity', 'authorities_contacted',
       'incident_state', 'incident_city', 'incident_location',
       'property_damage', 'police_report_available', 'auto_make', 'auto_model',
       'fraud_reported'],
      dtype='object')]
[2025-01-22 01:11:09,762: INFO: data_transformation: Replacing '?' with NaN in categorical columns]
[2025-01-22 01:11:09,765: INFO: data_transformation: Filling NaN values in policy_bind_date with mode of policy_bind_date]
[2025-01-22 01:11:09,767: INFO: data_transformation: Filling NaN values in policy_state with mode of policy_state]
[2025-01-22 01:11:09,768: INFO: data_transformation: Filling NaN values in policy_csl with mode of policy_csl]
[2025-01-22 01:11:09,772: INFO: data_transformation: Filling NaN values in insured_sex with mode of insured_sex]
[2025-01-22 01:11:09,773: INFO: data_transformation: Filling NaN values in insured_education_level with mode of insured_education_level]
[2025-01-22 01:11:09,775: INFO: data_transformation: Filling NaN values in insured_occupation with mode of insured_occupation]
[2025-01-22 01:11:09,776: INFO: data_transformation: Filling NaN values in insured_hobbies with mode of insured_hobbies]
[2025-01-22 01:11:09,777: INFO: data_transformation: Filling NaN values in insured_relationship with mode of insured_relationship]
[2025-01-22 01:11:09,779: INFO: data_transformation: Filling NaN values in incident_date with mode of incident_date]
[2025-01-22 01:11:09,781: INFO: data_transformation: Filling NaN values in incident_type with mode of incident_type]
[2025-01-22 01:11:09,782: INFO: data_transformation: Filling NaN values in collision_type with mode of collision_type]
[2025-01-22 01:11:09,784: INFO: data_transformation: Filling NaN values in incident_severity with mode of incident_severity]
[2025-01-22 01:11:09,786: INFO: data_transformation: Filling NaN values in authorities_contacted with mode of authorities_contacted]
[2025-01-22 01:11:09,789: INFO: data_transformation: Filling NaN values in incident_state with mode of incident_state]
[2025-01-22 01:11:09,791: INFO: data_transformation: Filling NaN values in incident_city with mode of incident_city]
[2025-01-22 01:11:09,793: INFO: data_transformation: Filling NaN values in incident_location with mode of incident_location]
[2025-01-22 01:11:09,795: INFO: data_transformation: Filling NaN values in property_damage with mode of property_damage]
[2025-01-22 01:11:09,796: INFO: data_transformation: Filling NaN values in police_report_available with mode of police_report_available]
[2025-01-22 01:11:09,797: INFO: data_transformation: Filling NaN values in auto_make with mode of auto_make]
[2025-01-22 01:11:09,798: INFO: data_transformation: Filling NaN values in auto_model with mode of auto_model]
[2025-01-22 01:11:09,800: INFO: data_transformation: Filling NaN values in fraud_reported with mode of fraud_reported]
[2025-01-22 01:11:09,802: INFO: data_transformation: Filling NaN values in months_as_customer with median of months_as_customer]
[2025-01-22 01:11:09,804: INFO: data_transformation: Filling NaN values in age with median of age]
[2025-01-22 01:11:09,805: INFO: data_transformation: Filling NaN values in policy_number with median of policy_number]
[2025-01-22 01:11:09,807: INFO: data_transformation: Filling NaN values in policy_deductable with median of policy_deductable]
[2025-01-22 01:11:09,809: INFO: data_transformation: Filling NaN values in policy_annual_premium with median of policy_annual_premium]
[2025-01-22 01:11:09,811: INFO: data_transformation: Filling NaN values in umbrella_limit with median of umbrella_limit]
[2025-01-22 01:11:09,812: INFO: data_transformation: Filling NaN values in insured_zip with median of insured_zip]
[2025-01-22 01:11:09,813: INFO: data_transformation: Filling NaN values in capital-gains with median of capital-gains]
[2025-01-22 01:11:09,814: INFO: data_transformation: Filling NaN values in capital-loss with median of capital-loss]
[2025-01-22 01:11:09,815: INFO: data_transformation: Filling NaN values in incident_hour_of_the_day with median of incident_hour_of_the_day]
[2025-01-22 01:11:09,817: INFO: data_transformation: Filling NaN values in number_of_vehicles_involved with median of number_of_vehicles_involved]
[2025-01-22 01:11:09,819: INFO: data_transformation: Filling NaN values in bodily_injuries with median of bodily_injuries]
[2025-01-22 01:11:09,822: INFO: data_transformation: Filling NaN values in witnesses with median of witnesses]
[2025-01-22 01:11:09,823: INFO: data_transformation: Filling NaN values in total_claim_amount with median of total_claim_amount]
[2025-01-22 01:11:09,824: INFO: data_transformation: Filling NaN values in injury_claim with median of injury_claim]
[2025-01-22 01:11:09,826: INFO: data_transformation: Filling NaN values in property_claim with median of property_claim]
[2025-01-22 01:11:09,827: INFO: data_transformation: Filling NaN values in vehicle_claim with median of vehicle_claim]
[2025-01-22 01:11:09,829: INFO: data_transformation: Filling NaN values in auto_year with median of auto_year]
[2025-01-22 01:11:09,830: INFO: data_transformation: Calculating loss ratio]
[2025-01-22 01:11:09,831: INFO: data_transformation: Calculating profitability]
[2025-01-22 01:11:09,833: INFO: data_transformation: Calculating vehicle age]
[2025-01-22 01:11:09,836: INFO: data_transformation: Dropping auto_year column]
[2025-01-22 01:11:09,847: INFO: data_transformation: Dropping incident_date column]
[2025-01-22 01:11:09,858: INFO: data_transformation: Dropping policy_bind_date column]
[2025-01-22 01:11:09,862: INFO: data_transformation: One-hot encoding incident_type column]
[2025-01-22 01:11:09,869: INFO: data_transformation: One-hot encoding collision_type column]
[2025-01-22 01:11:09,877: INFO: data_transformation: One-hot encoding authorities_contacted column]
[2025-01-22 01:11:09,882: INFO: data_transformation: One-hot encoding incident_severity column]
[2025-01-22 01:11:09,890: INFO: data_transformation: One-hot encoding policy_csl column]
[2025-01-22 01:11:09,893: INFO: data_transformation: Creating age_group column]
[2025-01-22 01:11:09,917: INFO: data_transformation: Encoding categorical columns]
[2025-01-22 01:11:09,918: INFO: data_transformation: Separating majority and minority classes]
[2025-01-22 01:11:09,923: INFO: data_transformation: Successfully separated majority and minority classes]
[2025-01-22 01:11:09,923: INFO: data_transformation: Performing undersampling on the majority class]
[2025-01-22 01:11:09,926: INFO: data_transformation: Performing oversampling on the minority class]
[2025-01-22 01:11:09,931: INFO: data_transformation: Successfully combined balanced classes]
[2025-01-22 01:11:09,931: INFO: data_transformation: Shuffling the dataset]
[2025-01-22 01:11:09,935: INFO: data_transformation: Successfully shuffled the dataset]
[2025-01-22 01:11:09,940: INFO: data_transformation: Successfully split the dataset into train and test]
[2025-01-22 01:11:09,963: INFO: data_transformation: Successfully saved train data to artifacts/data_transformation\train.csv]
[2025-01-22 01:11:09,972: INFO: data_transformation: Successfully saved test data to artifacts/data_transformation\test.csv]
[2025-01-22 01:11:09,973: INFO: data_transformation: Data transformation completed successfully and saved to artifacts/data_transformation]
[2025-01-22 01:11:09,975: INFO: data_transformation: Train data shape: (750, 55)]
[2025-01-22 01:11:09,975: INFO: data_transformation: Test data shape: (250, 55)]
[2025-01-22 01:11:09,976: INFO: main: >>>>>>>>>>>>>>>Stage Data Transformation Stage completed<<<<<<<<<<<<<<<<<<<<<<<]
