[2025-01-26 03:01:59,887: INFO: _client: HTTP Request: GET https://dagshub.com/api/v1/user "HTTP/1.1 200 OK"]
[2025-01-26 03:01:59,902: INFO: helpers: Accessing as ArpitKadam]
[2025-01-26 03:02:00,637: INFO: _client: HTTP Request: GET https://dagshub.com/api/v1/repos/ArpitKadam/Insurance-Fraud-Detection "HTTP/1.1 200 OK"]
[2025-01-26 03:02:01,270: INFO: _client: HTTP Request: GET https://dagshub.com/api/v1/user "HTTP/1.1 200 OK"]
[2025-01-26 03:02:01,285: INFO: helpers: Initialized MLflow to track repo "ArpitKadam/Insurance-Fraud-Detection"]
[2025-01-26 03:02:01,285: INFO: helpers: Repository ArpitKadam/Insurance-Fraud-Detection initialized!]
[2025-01-26 03:02:01,329: INFO: main: >>>>>>>>>>>>>>>Stage Data Ingestion Stage started<<<<<<<<<<<<<<<<<<<<<<<<<]
[2025-01-26 03:02:01,330: INFO: common: Attempting to read YAML file from: config\config.yaml]
[2025-01-26 03:02:01,341: INFO: common: Attempting to read YAML file from: params.yaml]
[2025-01-26 03:02:01,342: INFO: common: Attempting to read YAML file from: schema.yaml]
[2025-01-26 03:02:01,344: INFO: configuration: Config: {'artifacts_root': 'artifacts', 'data_ingestion': {'root_dir': 'artifacts/data_ingestion', 'source_url': 'https://github.com/ArpitKadam/Insurance-Fraud-Detection/raw/refs/heads/main/data/data.zip', 'local_data_file': 'artifacts/data_ingestion/data.zip', 'unzip_dir': 'artifacts/data_ingestion'}, 'data_validation': {'root_dir': 'artifacts/data_validation', 'unzip_data_dir': 'artifacts/data_ingestion/insurance_claims.csv', 'STATUS_FILE': 'artifacts/data_validation/STATUS.txt'}, 'data_transformation': {'root_dir': 'artifacts/data_transformation', 'data_path': 'artifacts/data_ingestion/insurance_claims.csv'}, 'model_trainer': {'root_dir': 'artifacts/model_trainer', 'train_data_path': 'artifacts/data_transformation/train.csv', 'test_data_path': 'artifacts/data_transformation/test.csv', 'model_name': 'GradientBoostingClassifier.joblib', 'learning_rate': 0.1, 'max_depth': 5, 'n_estimators': 100, 'subsample': 0.8}, 'model_evaluation': {'root_dir': 'artifacts/model_evaluation', 'artifact_dir': 'artifacts/model_evaluation', 'test_data_path': 'artifacts/data_transformation/test.csv', 'model_path': 'artifacts/model_trainer/GradientBoostingClassifier.joblib', 'metric_file_name': 'artifacts/model_evaluation/metrics.json', 'mlflow_uri': 'https://dagshub.com/ArpitKadam/Insurance-Fraud-Detection.mlflow', 'target_column': 'fraud_reported', 'mlflow_experiment_name': 'Insurance-Fraud-Detection'}}]
[2025-01-26 03:02:01,344: INFO: configuration: Params: {'GradientBoostingClassifier': {'learning_rate': 0.1, 'max_depth': 5, 'n_estimators': 100, 'subsample': 0.8}}]
[2025-01-26 03:02:01,352: INFO: configuration: Schema: {'COLUMNS': {'months_as_customer': 'int64', 'age': 'int64', 'policy_number': 'int64', 'policy_bind_date': 'object', 'policy_state': 'object', 'policy_csl': 'object', 'policy_deductable': 'int64', 'policy_annual_premium': 'float64', 'umbrella_limit': 'int64', 'insured_zip': 'int64', 'insured_sex': 'object', 'insured_education_level': 'object', 'insured_occupation': 'object', 'insured_hobbies': 'object', 'insured_relationship': 'object', 'capital-gains': 'int64', 'capital-loss': 'int64', 'incident_date': 'object', 'incident_type': 'object', 'collision_type': 'object', 'incident_severity': 'object', 'authorities_contacted': 'object', 'incident_state': 'object', 'incident_city': 'object', 'incident_location': 'object', 'incident_hour_of_the_day': 'int64', 'number_of_vehicles_involved': 'int64', 'property_damage': 'object', 'bodily_injuries': 'int64', 'witnesses': 'int64', 'police_report_available': 'object', 'total_claim_amount': 'int64', 'injury_claim': 'int64', 'property_claim': 'int64', 'vehicle_claim': 'int64', 'auto_make': 'object', 'auto_model': 'object', 'auto_year': 'int64', 'fraud_reported': 'object'}, 'TARGET_COLUMN': {'fraud_reported': 'object'}}]
[2025-01-26 03:02:01,353: INFO: configuration: Artifacts Root: artifacts]
[2025-01-26 03:02:01,354: INFO: common: Directory created: artifacts]
[2025-01-26 03:02:01,355: INFO: configuration: Config: {'root_dir': 'artifacts/data_ingestion', 'source_url': 'https://github.com/ArpitKadam/Insurance-Fraud-Detection/raw/refs/heads/main/data/data.zip', 'local_data_file': 'artifacts/data_ingestion/data.zip', 'unzip_dir': 'artifacts/data_ingestion'}]
[2025-01-26 03:02:01,356: INFO: common: Directory created: artifacts/data_ingestion]
[2025-01-26 03:02:01,356: INFO: configuration: Root Dir: artifacts/data_ingestion]
[2025-01-26 03:02:01,357: INFO: configuration: Data Ingestion Config:]
[2025-01-26 03:02:01,357: INFO: configuration: DataIngestionConfig(root_dir='artifacts/data_ingestion', source_url='https://github.com/ArpitKadam/Insurance-Fraud-Detection/raw/refs/heads/main/data/data.zip', local_data_file='artifacts/data_ingestion/data.zip', unzip_dir='artifacts/data_ingestion')]
[2025-01-26 03:02:01,358: INFO: configuration: Data Ingestion Config Root Dir:]
[2025-01-26 03:02:01,358: INFO: configuration: artifacts/data_ingestion]
[2025-01-26 03:02:01,358: INFO: configuration: Data Ingestion Config Source URL:]
[2025-01-26 03:02:01,358: INFO: configuration: https://github.com/ArpitKadam/Insurance-Fraud-Detection/raw/refs/heads/main/data/data.zip]
[2025-01-26 03:02:01,358: INFO: configuration: Data Ingestion Config Local Data File:]
[2025-01-26 03:02:01,358: INFO: configuration: artifacts/data_ingestion/data.zip]
[2025-01-26 03:02:01,361: INFO: configuration: Data Ingestion Config Unzip Dir:]
[2025-01-26 03:02:01,362: INFO: configuration: artifacts/data_ingestion]
[2025-01-26 03:02:01,362: INFO: data_ingestion: Downloading data from https://github.com/ArpitKadam/Insurance-Fraud-Detection/raw/refs/heads/main/data/data.zip]
[2025-01-26 03:02:01,363: INFO: data_ingestion: File already exists at artifacts/data_ingestion/data.zip]
[2025-01-26 03:02:01,364: INFO: data_ingestion: Extracting data from artifacts/data_ingestion/data.zip]
[2025-01-26 03:02:01,369: INFO: data_ingestion: Extracted data to artifacts/data_ingestion]
[2025-01-26 03:02:01,370: INFO: data_ingestion: Data ingestion completed successfully]
[2025-01-26 03:02:01,370: INFO: data_ingestion: Files are saved in artifacts/data_ingestion]
[2025-01-26 03:02:01,371: INFO: main: >>>>>>>>>>>>>>>Stage Data Ingestion Stage completed<<<<<<<<<<<<<<<<<<<<<<<]
[2025-01-26 03:02:01,371: INFO: main: >>>>>>>>>>>>>>>Stage Data Validation Stage started<<<<<<<<<<<<<<<<<<<<<<<<<]
[2025-01-26 03:02:01,372: INFO: common: Attempting to read YAML file from: config\config.yaml]
[2025-01-26 03:02:01,379: INFO: common: Attempting to read YAML file from: params.yaml]
[2025-01-26 03:02:01,381: INFO: common: Attempting to read YAML file from: schema.yaml]
[2025-01-26 03:02:01,390: INFO: configuration: Config: {'artifacts_root': 'artifacts', 'data_ingestion': {'root_dir': 'artifacts/data_ingestion', 'source_url': 'https://github.com/ArpitKadam/Insurance-Fraud-Detection/raw/refs/heads/main/data/data.zip', 'local_data_file': 'artifacts/data_ingestion/data.zip', 'unzip_dir': 'artifacts/data_ingestion'}, 'data_validation': {'root_dir': 'artifacts/data_validation', 'unzip_data_dir': 'artifacts/data_ingestion/insurance_claims.csv', 'STATUS_FILE': 'artifacts/data_validation/STATUS.txt'}, 'data_transformation': {'root_dir': 'artifacts/data_transformation', 'data_path': 'artifacts/data_ingestion/insurance_claims.csv'}, 'model_trainer': {'root_dir': 'artifacts/model_trainer', 'train_data_path': 'artifacts/data_transformation/train.csv', 'test_data_path': 'artifacts/data_transformation/test.csv', 'model_name': 'GradientBoostingClassifier.joblib', 'learning_rate': 0.1, 'max_depth': 5, 'n_estimators': 100, 'subsample': 0.8}, 'model_evaluation': {'root_dir': 'artifacts/model_evaluation', 'artifact_dir': 'artifacts/model_evaluation', 'test_data_path': 'artifacts/data_transformation/test.csv', 'model_path': 'artifacts/model_trainer/GradientBoostingClassifier.joblib', 'metric_file_name': 'artifacts/model_evaluation/metrics.json', 'mlflow_uri': 'https://dagshub.com/ArpitKadam/Insurance-Fraud-Detection.mlflow', 'target_column': 'fraud_reported', 'mlflow_experiment_name': 'Insurance-Fraud-Detection'}}]
[2025-01-26 03:02:01,392: INFO: configuration: Params: {'GradientBoostingClassifier': {'learning_rate': 0.1, 'max_depth': 5, 'n_estimators': 100, 'subsample': 0.8}}]
[2025-01-26 03:02:01,393: INFO: configuration: Schema: {'COLUMNS': {'months_as_customer': 'int64', 'age': 'int64', 'policy_number': 'int64', 'policy_bind_date': 'object', 'policy_state': 'object', 'policy_csl': 'object', 'policy_deductable': 'int64', 'policy_annual_premium': 'float64', 'umbrella_limit': 'int64', 'insured_zip': 'int64', 'insured_sex': 'object', 'insured_education_level': 'object', 'insured_occupation': 'object', 'insured_hobbies': 'object', 'insured_relationship': 'object', 'capital-gains': 'int64', 'capital-loss': 'int64', 'incident_date': 'object', 'incident_type': 'object', 'collision_type': 'object', 'incident_severity': 'object', 'authorities_contacted': 'object', 'incident_state': 'object', 'incident_city': 'object', 'incident_location': 'object', 'incident_hour_of_the_day': 'int64', 'number_of_vehicles_involved': 'int64', 'property_damage': 'object', 'bodily_injuries': 'int64', 'witnesses': 'int64', 'police_report_available': 'object', 'total_claim_amount': 'int64', 'injury_claim': 'int64', 'property_claim': 'int64', 'vehicle_claim': 'int64', 'auto_make': 'object', 'auto_model': 'object', 'auto_year': 'int64', 'fraud_reported': 'object'}, 'TARGET_COLUMN': {'fraud_reported': 'object'}}]
[2025-01-26 03:02:01,395: INFO: configuration: Artifacts Root: artifacts]
[2025-01-26 03:02:01,395: INFO: common: Directory created: artifacts]
[2025-01-26 03:02:01,395: INFO: configuration: Config: {'root_dir': 'artifacts/data_validation', 'unzip_data_dir': 'artifacts/data_ingestion/insurance_claims.csv', 'STATUS_FILE': 'artifacts/data_validation/STATUS.txt'}]
[2025-01-26 03:02:01,395: INFO: configuration: Schema: {'months_as_customer': 'int64', 'age': 'int64', 'policy_number': 'int64', 'policy_bind_date': 'object', 'policy_state': 'object', 'policy_csl': 'object', 'policy_deductable': 'int64', 'policy_annual_premium': 'float64', 'umbrella_limit': 'int64', 'insured_zip': 'int64', 'insured_sex': 'object', 'insured_education_level': 'object', 'insured_occupation': 'object', 'insured_hobbies': 'object', 'insured_relationship': 'object', 'capital-gains': 'int64', 'capital-loss': 'int64', 'incident_date': 'object', 'incident_type': 'object', 'collision_type': 'object', 'incident_severity': 'object', 'authorities_contacted': 'object', 'incident_state': 'object', 'incident_city': 'object', 'incident_location': 'object', 'incident_hour_of_the_day': 'int64', 'number_of_vehicles_involved': 'int64', 'property_damage': 'object', 'bodily_injuries': 'int64', 'witnesses': 'int64', 'police_report_available': 'object', 'total_claim_amount': 'int64', 'injury_claim': 'int64', 'property_claim': 'int64', 'vehicle_claim': 'int64', 'auto_make': 'object', 'auto_model': 'object', 'auto_year': 'int64', 'fraud_reported': 'object'}]
[2025-01-26 03:02:01,395: INFO: common: Directory created: artifacts/data_validation]
[2025-01-26 03:02:01,395: INFO: configuration: Data Validation Config:]
[2025-01-26 03:02:01,395: INFO: configuration: DataValidationConfig(root_dir='artifacts/data_validation', unzip_data_dir='artifacts/data_ingestion/insurance_claims.csv', STATUS_FILE='artifacts/data_validation/STATUS.txt', all_schema={'months_as_customer': 'int64', 'age': 'int64', 'policy_number': 'int64', 'policy_bind_date': 'object', 'policy_state': 'object', 'policy_csl': 'object', 'policy_deductable': 'int64', 'policy_annual_premium': 'float64', 'umbrella_limit': 'int64', 'insured_zip': 'int64', 'insured_sex': 'object', 'insured_education_level': 'object', 'insured_occupation': 'object', 'insured_hobbies': 'object', 'insured_relationship': 'object', 'capital-gains': 'int64', 'capital-loss': 'int64', 'incident_date': 'object', 'incident_type': 'object', 'collision_type': 'object', 'incident_severity': 'object', 'authorities_contacted': 'object', 'incident_state': 'object', 'incident_city': 'object', 'incident_location': 'object', 'incident_hour_of_the_day': 'int64', 'number_of_vehicles_involved': 'int64', 'property_damage': 'object', 'bodily_injuries': 'int64', 'witnesses': 'int64', 'police_report_available': 'object', 'total_claim_amount': 'int64', 'injury_claim': 'int64', 'property_claim': 'int64', 'vehicle_claim': 'int64', 'auto_make': 'object', 'auto_model': 'object', 'auto_year': 'int64', 'fraud_reported': 'object'})]
[2025-01-26 03:02:01,401: INFO: configuration: Data Validation Config Root Dir:]
[2025-01-26 03:02:01,402: INFO: configuration: artifacts/data_validation]
[2025-01-26 03:02:01,403: INFO: configuration: Data Validation Config Unzip Data Dir:]
[2025-01-26 03:02:01,403: INFO: configuration: artifacts/data_ingestion/insurance_claims.csv]
[2025-01-26 03:02:01,404: INFO: configuration: Data Validation Config Status File:]
[2025-01-26 03:02:01,404: INFO: configuration: artifacts/data_validation/STATUS.txt]
[2025-01-26 03:02:01,405: INFO: configuration: Data Validation Config All Schema:]
[2025-01-26 03:02:01,406: INFO: configuration: {'months_as_customer': 'int64', 'age': 'int64', 'policy_number': 'int64', 'policy_bind_date': 'object', 'policy_state': 'object', 'policy_csl': 'object', 'policy_deductable': 'int64', 'policy_annual_premium': 'float64', 'umbrella_limit': 'int64', 'insured_zip': 'int64', 'insured_sex': 'object', 'insured_education_level': 'object', 'insured_occupation': 'object', 'insured_hobbies': 'object', 'insured_relationship': 'object', 'capital-gains': 'int64', 'capital-loss': 'int64', 'incident_date': 'object', 'incident_type': 'object', 'collision_type': 'object', 'incident_severity': 'object', 'authorities_contacted': 'object', 'incident_state': 'object', 'incident_city': 'object', 'incident_location': 'object', 'incident_hour_of_the_day': 'int64', 'number_of_vehicles_involved': 'int64', 'property_damage': 'object', 'bodily_injuries': 'int64', 'witnesses': 'int64', 'police_report_available': 'object', 'total_claim_amount': 'int64', 'injury_claim': 'int64', 'property_claim': 'int64', 'vehicle_claim': 'int64', 'auto_make': 'object', 'auto_model': 'object', 'auto_year': 'int64', 'fraud_reported': 'object'}]
[2025-01-26 03:02:01,408: INFO: stage_02_data_validation: Starting data validation process...]
[2025-01-26 03:02:01,408: INFO: data_validation: Validating all columns]
[2025-01-26 03:02:01,409: INFO: data_validation: Files are saved in artifacts/data_ingestion/insurance_claims.csv]
[2025-01-26 03:02:01,446: INFO: data_validation: Reading data from path]
[2025-01-26 03:02:01,446: INFO: data_validation: artifacts/data_ingestion/insurance_claims.csv]
[2025-01-26 03:02:01,452: INFO: data_validation: Checking column: months_as_customer]
[2025-01-26 03:02:01,455: INFO: data_validation: Expected: int64]
[2025-01-26 03:02:01,460: INFO: data_validation: Found: int64]
[2025-01-26 03:02:01,462: INFO: data_validation: Checking column: age]
[2025-01-26 03:02:01,462: INFO: data_validation: Expected: int64]
[2025-01-26 03:02:01,463: INFO: data_validation: Found: int64]
[2025-01-26 03:02:01,464: INFO: data_validation: Checking column: policy_number]
[2025-01-26 03:02:01,465: INFO: data_validation: Expected: int64]
[2025-01-26 03:02:01,466: INFO: data_validation: Found: int64]
[2025-01-26 03:02:01,467: INFO: data_validation: Checking column: policy_bind_date]
[2025-01-26 03:02:01,467: INFO: data_validation: Expected: object]
[2025-01-26 03:02:01,467: INFO: data_validation: Found: object]
[2025-01-26 03:02:01,468: INFO: data_validation: Checking column: policy_state]
[2025-01-26 03:02:01,469: INFO: data_validation: Expected: object]
[2025-01-26 03:02:01,472: INFO: data_validation: Found: object]
[2025-01-26 03:02:01,473: INFO: data_validation: Checking column: policy_csl]
[2025-01-26 03:02:01,473: INFO: data_validation: Expected: object]
[2025-01-26 03:02:01,474: INFO: data_validation: Found: object]
[2025-01-26 03:02:01,474: INFO: data_validation: Checking column: policy_deductable]
[2025-01-26 03:02:01,475: INFO: data_validation: Expected: int64]
[2025-01-26 03:02:01,475: INFO: data_validation: Found: int64]
[2025-01-26 03:02:01,478: INFO: data_validation: Checking column: policy_annual_premium]
[2025-01-26 03:02:01,478: INFO: data_validation: Expected: float64]
[2025-01-26 03:02:01,479: INFO: data_validation: Found: float64]
[2025-01-26 03:02:01,479: INFO: data_validation: Checking column: umbrella_limit]
[2025-01-26 03:02:01,480: INFO: data_validation: Expected: int64]
[2025-01-26 03:02:01,480: INFO: data_validation: Found: int64]
[2025-01-26 03:02:01,481: INFO: data_validation: Checking column: insured_zip]
[2025-01-26 03:02:01,481: INFO: data_validation: Expected: int64]
[2025-01-26 03:02:01,482: INFO: data_validation: Found: int64]
[2025-01-26 03:02:01,482: INFO: data_validation: Checking column: insured_sex]
[2025-01-26 03:02:01,483: INFO: data_validation: Expected: object]
[2025-01-26 03:02:01,484: INFO: data_validation: Found: object]
[2025-01-26 03:02:01,485: INFO: data_validation: Checking column: insured_education_level]
[2025-01-26 03:02:01,486: INFO: data_validation: Expected: object]
[2025-01-26 03:02:01,489: INFO: data_validation: Found: object]
[2025-01-26 03:02:01,489: INFO: data_validation: Checking column: insured_occupation]
[2025-01-26 03:02:01,491: INFO: data_validation: Expected: object]
[2025-01-26 03:02:01,491: INFO: data_validation: Found: object]
[2025-01-26 03:02:01,492: INFO: data_validation: Checking column: insured_hobbies]
[2025-01-26 03:02:01,492: INFO: data_validation: Expected: object]
[2025-01-26 03:02:01,493: INFO: data_validation: Found: object]
[2025-01-26 03:02:01,494: INFO: data_validation: Checking column: insured_relationship]
[2025-01-26 03:02:01,495: INFO: data_validation: Expected: object]
[2025-01-26 03:02:01,496: INFO: data_validation: Found: object]
[2025-01-26 03:02:01,497: INFO: data_validation: Checking column: capital-gains]
[2025-01-26 03:02:01,498: INFO: data_validation: Expected: int64]
[2025-01-26 03:02:01,498: INFO: data_validation: Found: int64]
[2025-01-26 03:02:01,499: INFO: data_validation: Checking column: capital-loss]
[2025-01-26 03:02:01,500: INFO: data_validation: Expected: int64]
[2025-01-26 03:02:01,505: INFO: data_validation: Found: int64]
[2025-01-26 03:02:01,505: INFO: data_validation: Checking column: incident_date]
[2025-01-26 03:02:01,505: INFO: data_validation: Expected: object]
[2025-01-26 03:02:01,505: INFO: data_validation: Found: object]
[2025-01-26 03:02:01,505: INFO: data_validation: Checking column: incident_type]
[2025-01-26 03:02:01,505: INFO: data_validation: Expected: object]
[2025-01-26 03:02:01,512: INFO: data_validation: Found: object]
[2025-01-26 03:02:01,513: INFO: data_validation: Checking column: collision_type]
[2025-01-26 03:02:01,513: INFO: data_validation: Expected: object]
[2025-01-26 03:02:01,514: INFO: data_validation: Found: object]
[2025-01-26 03:02:01,515: INFO: data_validation: Checking column: incident_severity]
[2025-01-26 03:02:01,515: INFO: data_validation: Expected: object]
[2025-01-26 03:02:01,516: INFO: data_validation: Found: object]
[2025-01-26 03:02:01,517: INFO: data_validation: Checking column: authorities_contacted]
[2025-01-26 03:02:01,519: INFO: data_validation: Expected: object]
[2025-01-26 03:02:01,519: INFO: data_validation: Found: object]
[2025-01-26 03:02:01,523: INFO: data_validation: Checking column: incident_state]
[2025-01-26 03:02:01,524: INFO: data_validation: Expected: object]
[2025-01-26 03:02:01,524: INFO: data_validation: Found: object]
[2025-01-26 03:02:01,525: INFO: data_validation: Checking column: incident_city]
[2025-01-26 03:02:01,525: INFO: data_validation: Expected: object]
[2025-01-26 03:02:01,526: INFO: data_validation: Found: object]
[2025-01-26 03:02:01,526: INFO: data_validation: Checking column: incident_location]
[2025-01-26 03:02:01,527: INFO: data_validation: Expected: object]
[2025-01-26 03:02:01,527: INFO: data_validation: Found: object]
[2025-01-26 03:02:01,527: INFO: data_validation: Checking column: incident_hour_of_the_day]
[2025-01-26 03:02:01,527: INFO: data_validation: Expected: int64]
[2025-01-26 03:02:01,527: INFO: data_validation: Found: int64]
[2025-01-26 03:02:01,530: INFO: data_validation: Checking column: number_of_vehicles_involved]
[2025-01-26 03:02:01,531: INFO: data_validation: Expected: int64]
[2025-01-26 03:02:01,531: INFO: data_validation: Found: int64]
[2025-01-26 03:02:01,532: INFO: data_validation: Checking column: property_damage]
[2025-01-26 03:02:01,532: INFO: data_validation: Expected: object]
[2025-01-26 03:02:01,533: INFO: data_validation: Found: object]
[2025-01-26 03:02:01,533: INFO: data_validation: Checking column: bodily_injuries]
[2025-01-26 03:02:01,534: INFO: data_validation: Expected: int64]
[2025-01-26 03:02:01,536: INFO: data_validation: Found: int64]
[2025-01-26 03:02:01,537: INFO: data_validation: Checking column: witnesses]
[2025-01-26 03:02:01,538: INFO: data_validation: Expected: int64]
[2025-01-26 03:02:01,538: INFO: data_validation: Found: int64]
[2025-01-26 03:02:01,541: INFO: data_validation: Checking column: police_report_available]
[2025-01-26 03:02:01,542: INFO: data_validation: Expected: object]
[2025-01-26 03:02:01,542: INFO: data_validation: Found: object]
[2025-01-26 03:02:01,543: INFO: data_validation: Checking column: total_claim_amount]
[2025-01-26 03:02:01,543: INFO: data_validation: Expected: int64]
[2025-01-26 03:02:01,544: INFO: data_validation: Found: int64]
[2025-01-26 03:02:01,545: INFO: data_validation: Checking column: injury_claim]
[2025-01-26 03:02:01,545: INFO: data_validation: Expected: int64]
[2025-01-26 03:02:01,547: INFO: data_validation: Found: int64]
[2025-01-26 03:02:01,548: INFO: data_validation: Checking column: property_claim]
[2025-01-26 03:02:01,548: INFO: data_validation: Expected: int64]
[2025-01-26 03:02:01,549: INFO: data_validation: Found: int64]
[2025-01-26 03:02:01,550: INFO: data_validation: Checking column: vehicle_claim]
[2025-01-26 03:02:01,550: INFO: data_validation: Expected: int64]
[2025-01-26 03:02:01,551: INFO: data_validation: Found: int64]
[2025-01-26 03:02:01,553: INFO: data_validation: Checking column: auto_make]
[2025-01-26 03:02:01,554: INFO: data_validation: Expected: object]
[2025-01-26 03:02:01,556: INFO: data_validation: Found: object]
[2025-01-26 03:02:01,557: INFO: data_validation: Checking column: auto_model]
[2025-01-26 03:02:01,557: INFO: data_validation: Expected: object]
[2025-01-26 03:02:01,558: INFO: data_validation: Found: object]
[2025-01-26 03:02:01,559: INFO: data_validation: Checking column: auto_year]
[2025-01-26 03:02:01,560: INFO: data_validation: Expected: int64]
[2025-01-26 03:02:01,561: INFO: data_validation: Found: int64]
[2025-01-26 03:02:01,562: INFO: data_validation: Checking column: fraud_reported]
[2025-01-26 03:02:01,562: INFO: data_validation: Expected: object]
[2025-01-26 03:02:01,563: INFO: data_validation: Found: object]
[2025-01-26 03:02:01,564: INFO: data_validation: All columns are valid]
[2025-01-26 03:02:01,564: INFO: data_validation: And have correct data types.]
[2025-01-26 03:02:01,565: INFO: data_validation: Writing validation status to path]
[2025-01-26 03:02:01,565: INFO: data_validation: artifacts/data_validation/STATUS.txt]
[2025-01-26 03:02:01,746: INFO: data_validation: Validation completed successfully]
[2025-01-26 03:02:01,746: INFO: data_validation: Status file saved to artifacts/data_validation/STATUS.txt]
[2025-01-26 03:02:01,746: INFO: data_validation: Validation status: True]
[2025-01-26 03:02:01,746: INFO: stage_02_data_validation: Data validation completed successfully.]
[2025-01-26 03:02:01,746: INFO: main: >>>>>>>>>>>>>>>Stage Data Validation Stage completed<<<<<<<<<<<<<<<<<<<<<<<]
[2025-01-26 03:02:01,746: INFO: main: >>>>>>>>>>>>>>>Stage Data Transformation Stage started<<<<<<<<<<<<<<<<<<<<<<<<<]
[2025-01-26 03:02:01,773: INFO: stage_03_data_transformation: True]
[2025-01-26 03:02:01,773: INFO: common: Attempting to read YAML file from: config\config.yaml]
[2025-01-26 03:02:01,778: INFO: common: Attempting to read YAML file from: params.yaml]
[2025-01-26 03:02:01,784: INFO: common: Attempting to read YAML file from: schema.yaml]
[2025-01-26 03:02:01,790: INFO: configuration: Config: {'artifacts_root': 'artifacts', 'data_ingestion': {'root_dir': 'artifacts/data_ingestion', 'source_url': 'https://github.com/ArpitKadam/Insurance-Fraud-Detection/raw/refs/heads/main/data/data.zip', 'local_data_file': 'artifacts/data_ingestion/data.zip', 'unzip_dir': 'artifacts/data_ingestion'}, 'data_validation': {'root_dir': 'artifacts/data_validation', 'unzip_data_dir': 'artifacts/data_ingestion/insurance_claims.csv', 'STATUS_FILE': 'artifacts/data_validation/STATUS.txt'}, 'data_transformation': {'root_dir': 'artifacts/data_transformation', 'data_path': 'artifacts/data_ingestion/insurance_claims.csv'}, 'model_trainer': {'root_dir': 'artifacts/model_trainer', 'train_data_path': 'artifacts/data_transformation/train.csv', 'test_data_path': 'artifacts/data_transformation/test.csv', 'model_name': 'GradientBoostingClassifier.joblib', 'learning_rate': 0.1, 'max_depth': 5, 'n_estimators': 100, 'subsample': 0.8}, 'model_evaluation': {'root_dir': 'artifacts/model_evaluation', 'artifact_dir': 'artifacts/model_evaluation', 'test_data_path': 'artifacts/data_transformation/test.csv', 'model_path': 'artifacts/model_trainer/GradientBoostingClassifier.joblib', 'metric_file_name': 'artifacts/model_evaluation/metrics.json', 'mlflow_uri': 'https://dagshub.com/ArpitKadam/Insurance-Fraud-Detection.mlflow', 'target_column': 'fraud_reported', 'mlflow_experiment_name': 'Insurance-Fraud-Detection'}}]
[2025-01-26 03:02:01,796: INFO: configuration: Params: {'GradientBoostingClassifier': {'learning_rate': 0.1, 'max_depth': 5, 'n_estimators': 100, 'subsample': 0.8}}]
[2025-01-26 03:02:01,797: INFO: configuration: Schema: {'COLUMNS': {'months_as_customer': 'int64', 'age': 'int64', 'policy_number': 'int64', 'policy_bind_date': 'object', 'policy_state': 'object', 'policy_csl': 'object', 'policy_deductable': 'int64', 'policy_annual_premium': 'float64', 'umbrella_limit': 'int64', 'insured_zip': 'int64', 'insured_sex': 'object', 'insured_education_level': 'object', 'insured_occupation': 'object', 'insured_hobbies': 'object', 'insured_relationship': 'object', 'capital-gains': 'int64', 'capital-loss': 'int64', 'incident_date': 'object', 'incident_type': 'object', 'collision_type': 'object', 'incident_severity': 'object', 'authorities_contacted': 'object', 'incident_state': 'object', 'incident_city': 'object', 'incident_location': 'object', 'incident_hour_of_the_day': 'int64', 'number_of_vehicles_involved': 'int64', 'property_damage': 'object', 'bodily_injuries': 'int64', 'witnesses': 'int64', 'police_report_available': 'object', 'total_claim_amount': 'int64', 'injury_claim': 'int64', 'property_claim': 'int64', 'vehicle_claim': 'int64', 'auto_make': 'object', 'auto_model': 'object', 'auto_year': 'int64', 'fraud_reported': 'object'}, 'TARGET_COLUMN': {'fraud_reported': 'object'}}]
[2025-01-26 03:02:01,798: INFO: configuration: Artifacts Root: artifacts]
[2025-01-26 03:02:01,799: INFO: common: Directory created: artifacts]
[2025-01-26 03:02:01,800: INFO: common: Directory created: artifacts/data_transformation]
[2025-01-26 03:02:01,800: INFO: configuration: Config: {'root_dir': 'artifacts/data_transformation', 'data_path': 'artifacts/data_ingestion/insurance_claims.csv'}]
[2025-01-26 03:02:01,802: INFO: configuration: Data Transformation Config:]
[2025-01-26 03:02:01,804: INFO: configuration: DataTransformationConfig(root_dir='artifacts/data_transformation', data_path='artifacts/data_ingestion/insurance_claims.csv')]
[2025-01-26 03:02:01,805: INFO: configuration: Data Transformation Config Root Dir:]
[2025-01-26 03:02:01,806: INFO: configuration: artifacts/data_transformation]
[2025-01-26 03:02:01,806: INFO: configuration: Data Transformation Config Data Path:]
[2025-01-26 03:02:01,807: INFO: configuration: artifacts/data_ingestion/insurance_claims.csv]
[2025-01-26 03:02:01,808: INFO: data_transformation: Reading data from artifacts/data_ingestion/insurance_claims.csv]
[2025-01-26 03:02:01,832: INFO: data_transformation: Data read successfully from artifacts/data_ingestion/insurance_claims.csv]
[2025-01-26 03:02:01,841: INFO: data_transformation: Removed meaningless columns]
[2025-01-26 03:02:01,843: INFO: data_transformation: Replaced '?' with NaN in categorical columns]
[2025-01-26 03:02:01,844: INFO: data_transformation: Numerical columns: Index(['months_as_customer', 'age', 'policy_deductable',
       'policy_annual_premium', 'umbrella_limit', 'capital-gains',
       'capital-loss', 'incident_hour_of_the_day',
       'number_of_vehicles_involved', 'bodily_injuries', 'witnesses',
       'total_claim_amount', 'injury_claim', 'property_claim', 'vehicle_claim',
       'auto_year'],
      dtype='object')]
[2025-01-26 03:02:01,848: INFO: data_transformation: Categorical columns: Index(['policy_bind_date', 'policy_state', 'policy_csl', 'insured_sex',
       'insured_education_level', 'insured_occupation', 'insured_relationship',
       'incident_date', 'incident_type', 'collision_type', 'incident_severity',
       'authorities_contacted', 'incident_state', 'incident_city',
       'property_damage', 'police_report_available', 'auto_make', 'auto_model',
       'fraud_reported'],
      dtype='object')]
[2025-01-26 03:02:01,851: INFO: data_transformation: Filling NaN values in policy_bind_date with mode of policy_bind_date]
[2025-01-26 03:02:01,853: INFO: data_transformation: Filling NaN values in policy_state with mode of policy_state]
[2025-01-26 03:02:01,856: INFO: data_transformation: Filling NaN values in policy_csl with mode of policy_csl]
[2025-01-26 03:02:01,857: INFO: data_transformation: Filling NaN values in insured_sex with mode of insured_sex]
[2025-01-26 03:02:01,859: INFO: data_transformation: Filling NaN values in insured_education_level with mode of insured_education_level]
[2025-01-26 03:02:01,860: INFO: data_transformation: Filling NaN values in insured_occupation with mode of insured_occupation]
[2025-01-26 03:02:01,860: INFO: data_transformation: Filling NaN values in insured_relationship with mode of insured_relationship]
[2025-01-26 03:02:01,860: INFO: data_transformation: Filling NaN values in incident_date with mode of incident_date]
[2025-01-26 03:02:01,860: INFO: data_transformation: Filling NaN values in incident_type with mode of incident_type]
[2025-01-26 03:02:01,867: INFO: data_transformation: Filling NaN values in collision_type with mode of collision_type]
[2025-01-26 03:02:01,869: INFO: data_transformation: Filling NaN values in incident_severity with mode of incident_severity]
[2025-01-26 03:02:01,871: INFO: data_transformation: Filling NaN values in authorities_contacted with mode of authorities_contacted]
[2025-01-26 03:02:01,874: INFO: data_transformation: Filling NaN values in incident_state with mode of incident_state]
[2025-01-26 03:02:01,876: INFO: data_transformation: Filling NaN values in incident_city with mode of incident_city]
[2025-01-26 03:02:01,878: INFO: data_transformation: Filling NaN values in property_damage with mode of property_damage]
[2025-01-26 03:02:01,878: INFO: data_transformation: Filling NaN values in police_report_available with mode of police_report_available]
[2025-01-26 03:02:01,882: INFO: data_transformation: Filling NaN values in auto_make with mode of auto_make]
[2025-01-26 03:02:01,884: INFO: data_transformation: Filling NaN values in auto_model with mode of auto_model]
[2025-01-26 03:02:01,887: INFO: data_transformation: Filling NaN values in fraud_reported with mode of fraud_reported]
[2025-01-26 03:02:01,891: INFO: data_transformation: Filling NaN values in months_as_customer with median of months_as_customer]
[2025-01-26 03:02:01,892: INFO: data_transformation: Filling NaN values in age with median of age]
[2025-01-26 03:02:01,894: INFO: data_transformation: Filling NaN values in policy_deductable with median of policy_deductable]
[2025-01-26 03:02:01,894: INFO: data_transformation: Filling NaN values in policy_annual_premium with median of policy_annual_premium]
[2025-01-26 03:02:01,897: INFO: data_transformation: Filling NaN values in umbrella_limit with median of umbrella_limit]
[2025-01-26 03:02:01,899: INFO: data_transformation: Filling NaN values in capital-gains with median of capital-gains]
[2025-01-26 03:02:01,900: INFO: data_transformation: Filling NaN values in capital-loss with median of capital-loss]
[2025-01-26 03:02:01,902: INFO: data_transformation: Filling NaN values in incident_hour_of_the_day with median of incident_hour_of_the_day]
[2025-01-26 03:02:01,907: INFO: data_transformation: Filling NaN values in number_of_vehicles_involved with median of number_of_vehicles_involved]
[2025-01-26 03:02:01,908: INFO: data_transformation: Filling NaN values in bodily_injuries with median of bodily_injuries]
[2025-01-26 03:02:01,911: INFO: data_transformation: Filling NaN values in witnesses with median of witnesses]
[2025-01-26 03:02:01,912: INFO: data_transformation: Filling NaN values in total_claim_amount with median of total_claim_amount]
[2025-01-26 03:02:01,914: INFO: data_transformation: Filling NaN values in injury_claim with median of injury_claim]
[2025-01-26 03:02:01,915: INFO: data_transformation: Filling NaN values in property_claim with median of property_claim]
[2025-01-26 03:02:01,918: INFO: data_transformation: Filling NaN values in vehicle_claim with median of vehicle_claim]
[2025-01-26 03:02:01,922: INFO: data_transformation: Filling NaN values in auto_year with median of auto_year]
[2025-01-26 03:02:01,922: INFO: data_transformation: Calculating loss ratio]
[2025-01-26 03:02:01,927: INFO: data_transformation: Calculating profitability]
[2025-01-26 03:02:01,929: INFO: data_transformation: Calculating vehicle age]
[2025-01-26 03:02:01,932: INFO: data_transformation: Dropped auto_year column]
[2025-01-26 03:02:01,940: INFO: data_transformation: Dropped incident_date column]
[2025-01-26 03:02:01,952: INFO: data_transformation: Dropped policy_bind_date column]
[2025-01-26 03:02:01,955: INFO: data_transformation: One-hot encoding incident_type column]
[2025-01-26 03:02:01,966: INFO: data_transformation: One-hot encoding collision_type column]
[2025-01-26 03:02:01,973: INFO: data_transformation: One-hot encoding authorities_contacted column]
[2025-01-26 03:02:01,978: INFO: data_transformation: One-hot encoding incident_severity column]
[2025-01-26 03:02:01,984: INFO: data_transformation: One-hot encoding policy_csl column]
[2025-01-26 03:02:01,985: INFO: data_transformation: Converting age column to numeric]
[2025-01-26 03:02:01,988: INFO: data_transformation: Created 'age_group' column]
[2025-01-26 03:02:01,994: INFO: data_transformation: Dropped age column]
[2025-01-26 03:02:01,996: INFO: data_transformation: Encoding categorical columns: Index(['policy_state', 'insured_sex', 'insured_education_level',
       'insured_occupation', 'insured_relationship', 'incident_state',
       'incident_city', 'property_damage', 'police_report_available',
       'auto_make', 'auto_model', 'fraud_reported', 'age_group'],
      dtype='object')]
[2025-01-26 03:02:02,010: INFO: data_transformation: Completed encoding categorical columns]
[2025-01-26 03:02:02,014: INFO: data_transformation: Saved encoders to artifacts\data_transformation\encoders.pkl]
[2025-01-26 03:02:02,015: INFO: data_transformation: Separating majority and minority classes]
[2025-01-26 03:02:02,019: INFO: data_transformation: Successfully separated majority and minority classes]
[2025-01-26 03:02:02,020: INFO: data_transformation: Performing undersampling on the majority class]
[2025-01-26 03:02:02,025: INFO: data_transformation: Performing oversampling on the minority class]
[2025-01-26 03:02:02,027: INFO: data_transformation: Successfully combined balanced classes]
[2025-01-26 03:02:02,027: INFO: data_transformation: Shuffling the dataset]
[2025-01-26 03:02:02,036: INFO: data_transformation: Successfully shuffled the dataset]
[2025-01-26 03:02:02,042: INFO: data_transformation: Successfully split the dataset into train and test]
[2025-01-26 03:02:02,063: INFO: data_transformation: Successfully saved train data to path]
[2025-01-26 03:02:02,063: INFO: data_transformation: artifacts/data_transformation\train.csv]
[2025-01-26 03:02:02,064: INFO: data_transformation: Train data shape: (750, 50)]
[2025-01-26 03:02:02,070: INFO: data_transformation: Successfully saved test data to path]
[2025-01-26 03:02:02,071: INFO: data_transformation: artifacts/data_transformation\test.csv]
[2025-01-26 03:02:02,072: INFO: data_transformation: Test data shape: (250, 50)]
[2025-01-26 03:02:02,073: INFO: data_transformation: Data transformation completed successfully]
[2025-01-26 03:02:02,074: INFO: data_transformation: Train data shape: (750, 50)]
[2025-01-26 03:02:02,074: INFO: data_transformation: Test data shape: (250, 50)]
[2025-01-26 03:02:02,076: INFO: data_transformation: Files are saved in artifacts/data_transformation]
[2025-01-26 03:02:02,079: INFO: main: >>>>>>>>>>>>>>>Stage Data Transformation Stage completed<<<<<<<<<<<<<<<<<<<<<<<]
[2025-01-26 03:02:02,080: INFO: main: >>>>>>>>>>>>>>>Stage Model Trainer Stage started<<<<<<<<<<<<<<<<<<<<<<<<<]
[2025-01-26 03:02:02,081: INFO: common: Attempting to read YAML file from: config\config.yaml]
[2025-01-26 03:02:02,093: INFO: common: Attempting to read YAML file from: params.yaml]
[2025-01-26 03:02:02,097: INFO: common: Attempting to read YAML file from: schema.yaml]
[2025-01-26 03:02:02,112: INFO: configuration: Config: {'artifacts_root': 'artifacts', 'data_ingestion': {'root_dir': 'artifacts/data_ingestion', 'source_url': 'https://github.com/ArpitKadam/Insurance-Fraud-Detection/raw/refs/heads/main/data/data.zip', 'local_data_file': 'artifacts/data_ingestion/data.zip', 'unzip_dir': 'artifacts/data_ingestion'}, 'data_validation': {'root_dir': 'artifacts/data_validation', 'unzip_data_dir': 'artifacts/data_ingestion/insurance_claims.csv', 'STATUS_FILE': 'artifacts/data_validation/STATUS.txt'}, 'data_transformation': {'root_dir': 'artifacts/data_transformation', 'data_path': 'artifacts/data_ingestion/insurance_claims.csv'}, 'model_trainer': {'root_dir': 'artifacts/model_trainer', 'train_data_path': 'artifacts/data_transformation/train.csv', 'test_data_path': 'artifacts/data_transformation/test.csv', 'model_name': 'GradientBoostingClassifier.joblib', 'learning_rate': 0.1, 'max_depth': 5, 'n_estimators': 100, 'subsample': 0.8}, 'model_evaluation': {'root_dir': 'artifacts/model_evaluation', 'artifact_dir': 'artifacts/model_evaluation', 'test_data_path': 'artifacts/data_transformation/test.csv', 'model_path': 'artifacts/model_trainer/GradientBoostingClassifier.joblib', 'metric_file_name': 'artifacts/model_evaluation/metrics.json', 'mlflow_uri': 'https://dagshub.com/ArpitKadam/Insurance-Fraud-Detection.mlflow', 'target_column': 'fraud_reported', 'mlflow_experiment_name': 'Insurance-Fraud-Detection'}}]
[2025-01-26 03:02:02,114: INFO: configuration: Params: {'GradientBoostingClassifier': {'learning_rate': 0.1, 'max_depth': 5, 'n_estimators': 100, 'subsample': 0.8}}]
[2025-01-26 03:02:02,122: INFO: configuration: Schema: {'COLUMNS': {'months_as_customer': 'int64', 'age': 'int64', 'policy_number': 'int64', 'policy_bind_date': 'object', 'policy_state': 'object', 'policy_csl': 'object', 'policy_deductable': 'int64', 'policy_annual_premium': 'float64', 'umbrella_limit': 'int64', 'insured_zip': 'int64', 'insured_sex': 'object', 'insured_education_level': 'object', 'insured_occupation': 'object', 'insured_hobbies': 'object', 'insured_relationship': 'object', 'capital-gains': 'int64', 'capital-loss': 'int64', 'incident_date': 'object', 'incident_type': 'object', 'collision_type': 'object', 'incident_severity': 'object', 'authorities_contacted': 'object', 'incident_state': 'object', 'incident_city': 'object', 'incident_location': 'object', 'incident_hour_of_the_day': 'int64', 'number_of_vehicles_involved': 'int64', 'property_damage': 'object', 'bodily_injuries': 'int64', 'witnesses': 'int64', 'police_report_available': 'object', 'total_claim_amount': 'int64', 'injury_claim': 'int64', 'property_claim': 'int64', 'vehicle_claim': 'int64', 'auto_make': 'object', 'auto_model': 'object', 'auto_year': 'int64', 'fraud_reported': 'object'}, 'TARGET_COLUMN': {'fraud_reported': 'object'}}]
[2025-01-26 03:02:02,128: INFO: configuration: Artifacts Root: artifacts]
[2025-01-26 03:02:02,131: INFO: common: Directory created: artifacts]
[2025-01-26 03:02:02,133: INFO: configuration: Config: {'root_dir': 'artifacts/model_trainer', 'train_data_path': 'artifacts/data_transformation/train.csv', 'test_data_path': 'artifacts/data_transformation/test.csv', 'model_name': 'GradientBoostingClassifier.joblib', 'learning_rate': 0.1, 'max_depth': 5, 'n_estimators': 100, 'subsample': 0.8}]
[2025-01-26 03:02:02,137: INFO: configuration: Params: {'learning_rate': 0.1, 'max_depth': 5, 'n_estimators': 100, 'subsample': 0.8}]
[2025-01-26 03:02:02,142: INFO: configuration: Target Column: fraud_reported]
[2025-01-26 03:02:02,147: INFO: common: Directory created: artifacts/model_trainer]
[2025-01-26 03:02:02,157: INFO: configuration: Root Dir: artifacts/model_trainer]
[2025-01-26 03:02:02,158: INFO: configuration: Model Trainer Config:]
[2025-01-26 03:02:02,161: INFO: configuration: ModelTrainerConfig(root_dir='artifacts/model_trainer', train_data_path='artifacts/data_transformation/train.csv', test_data_path='artifacts/data_transformation/test.csv', model_name='GradientBoostingClassifier.joblib', learning_rate=0.1, max_depth=5, n_estimators=100, subsample=0.8, target_column='fraud_reported')]
[2025-01-26 03:02:02,164: INFO: configuration: Model Trainer Config Root Dir:]
[2025-01-26 03:02:02,165: INFO: configuration: artifacts/model_trainer]
[2025-01-26 03:02:02,171: INFO: configuration: Model Trainer Config Train Data Path:]
[2025-01-26 03:02:02,175: INFO: configuration: artifacts/data_transformation/train.csv]
[2025-01-26 03:02:02,180: INFO: configuration: Model Trainer Config Test Data Path:]
[2025-01-26 03:02:02,181: INFO: configuration: artifacts/data_transformation/test.csv]
[2025-01-26 03:02:02,183: INFO: configuration: Model Trainer Config Model Name:]
[2025-01-26 03:02:02,184: INFO: configuration: GradientBoostingClassifier.joblib]
[2025-01-26 03:02:02,190: INFO: configuration: Model Trainer Config Learning Rate:]
[2025-01-26 03:02:02,196: INFO: configuration: 0.1]
[2025-01-26 03:02:02,199: INFO: configuration: Model Trainer Config Max Depth:]
[2025-01-26 03:02:02,202: INFO: configuration: 5]
[2025-01-26 03:02:02,204: INFO: configuration: Model Trainer Config N Estimators:]
[2025-01-26 03:02:02,207: INFO: configuration: 100]
[2025-01-26 03:02:02,228: INFO: configuration: Model Trainer Config Subsample:]
[2025-01-26 03:02:02,229: INFO: configuration: 0.8]
[2025-01-26 03:02:02,231: INFO: configuration: Model Trainer Config Target Column:]
[2025-01-26 03:02:02,231: INFO: configuration: fraud_reported]
[2025-01-26 03:02:02,232: INFO: model_trainer: Loading train and test data]
[2025-01-26 03:02:02,319: INFO: model_trainer: Train Data:    months_as_customer  policy_state  policy_deductable  policy_annual_premium  ...  Trivial Damage  250/500  500/1000  age_group
0                 190             2               2000                 965.21  ...               1        0         1          2
1                 157             1                500                1257.83  ...               0        0         1          1
2                 437             1               2000                1192.04  ...               0        0         1          4
3                 344             0               1000                 959.83  ...               0        0         0          3
4                 239             1               2000                 625.08  ...               0        1         0          2

[5 rows x 50 columns]]
[2025-01-26 03:02:02,385: INFO: model_trainer: Test Data:    months_as_customer  policy_state  policy_deductable  policy_annual_premium  ...  Trivial Damage  250/500  500/1000  age_group
0                 225             2               2000                1103.58  ...               0        0         1          2
1                 129             0               2000                 927.23  ...               0        0         1          1
2                 398             2               2000                1305.26  ...               0        1         0          3
3                 111             1                500                1363.77  ...               0        1         0          1
4                   4             2                500                1282.93  ...               0        0         1          1

[5 rows x 50 columns]]
[2025-01-26 03:02:02,388: INFO: model_trainer: Dropping target column from train and test data]
[2025-01-26 03:02:02,392: INFO: model_trainer: Train X columns: Index(['months_as_customer', 'policy_state', 'policy_deductable',
       'policy_annual_premium', 'umbrella_limit', 'insured_sex',
       'insured_education_level', 'insured_occupation', 'insured_relationship',
       'capital-gains', 'capital-loss', 'incident_state', 'incident_city',
       'incident_hour_of_the_day', 'number_of_vehicles_involved',
       'property_damage', 'bodily_injuries', 'witnesses',
       'police_report_available', 'total_claim_amount', 'injury_claim',
       'property_claim', 'vehicle_claim', 'auto_make', 'auto_model',
       'loss_ratio', 'profitability', 'vehicle_age', 'incident_year',
       'incident_month', 'incident_day', 'policy_bind_year',
       'policy_bind_month', 'policy_bind_day', 'Parked Car',
       'Single Vehicle Collision', 'Vehicle Theft', 'Rear Collision',
       'Side Collision', 'Fire', 'None', 'Other', 'Police', 'Minor Damage',
       'Total Loss', 'Trivial Damage', '250/500', '500/1000', 'age_group'],
      dtype='object')]
[2025-01-26 03:02:02,394: INFO: model_trainer: Test X columns: Index(['months_as_customer', 'policy_state', 'policy_deductable',
       'policy_annual_premium', 'umbrella_limit', 'insured_sex',
       'insured_education_level', 'insured_occupation', 'insured_relationship',
       'capital-gains', 'capital-loss', 'incident_state', 'incident_city',
       'incident_hour_of_the_day', 'number_of_vehicles_involved',
       'property_damage', 'bodily_injuries', 'witnesses',
       'police_report_available', 'total_claim_amount', 'injury_claim',
       'property_claim', 'vehicle_claim', 'auto_make', 'auto_model',
       'loss_ratio', 'profitability', 'vehicle_age', 'incident_year',
       'incident_month', 'incident_day', 'policy_bind_year',
       'policy_bind_month', 'policy_bind_day', 'Parked Car',
       'Single Vehicle Collision', 'Vehicle Theft', 'Rear Collision',
       'Side Collision', 'Fire', 'None', 'Other', 'Police', 'Minor Damage',
       'Total Loss', 'Trivial Damage', '250/500', '500/1000', 'age_group'],
      dtype='object')]
[2025-01-26 03:02:02,397: INFO: model_trainer: Test Y assigned but not used directly: (250,)]
[2025-01-26 03:02:02,404: INFO: model_trainer: Initializing Standard Scaler]
[2025-01-26 03:02:02,409: INFO: model_trainer: Fitting Standard Scaler on train data]
[2025-01-26 03:02:02,416: INFO: model_trainer: Transforming train data using Standard Scaler]
[2025-01-26 03:02:02,421: INFO: model_trainer: Transforming test data using Standard Scaler]
[2025-01-26 03:02:02,424: INFO: model_trainer: Scaling train and test data]
[2025-01-26 03:02:02,427: INFO: model_trainer: Train X Scaled: [[-0.17568976  1.19438026  1.38538282 -1.19709926 -0.48765687 -0.92543808
   0.07538275 -0.87928756 -0.31491112  0.47828818 -0.97017097  0.37213999
  -0.52806058 -0.27039333 -0.80726326 -0.6567326   1.24340941 -0.49079132
   1.53238843 -1.90369635 -1.41957716 -1.44073592 -1.9072353   0.6314373
   1.39261906 -1.59549446  1.75799529  0.70659478  0.          0.91185832
  -1.37467896  0.7137124  -1.5864889   1.2648772   3.59010987 -0.90575292
  -0.27294426  1.09812675 -0.61742649 -0.51454395  3.66375176 -0.52902125
  -0.62773565 -0.64842466 -0.52489066  3.74165739 -0.75870301  1.56723361
   0.09727771]
 [-0.45978239 -0.03609391 -1.05749441  0.00382513  2.60437036  1.08056932
  -0.42941247 -0.63367651  0.30662398  0.61519861 -0.53758668 -0.55820998
  -1.52065565 -1.4409272   2.15094902 -0.6567326   1.24340941  0.40919277
  -0.65257606 -0.31642476 -0.59967629  0.33087258 -0.37286164 -1.60242108
   1.21395599 -0.33922274  0.31479404 -0.99850845  0.          0.91185832
  -0.00910383 -1.57440254  0.45895971 -1.5652478  -0.27854301 -0.90575292
  -0.27294426  1.09812675 -0.61742649 -0.51454395 -0.27294426  1.89028324
  -0.62773565 -0.64842466 -0.52489066 -0.26726124 -0.75870301  1.56723361
  -0.93030372]
 [ 1.95070047 -0.03609391  1.38538282 -0.26617971 -0.48765687  1.08056932
  -1.43900291 -1.12489862  0.30662398  1.53033676 -0.17292885  0.37213999
   0.46453449  1.63172422 -0.80726326  1.52268975 -1.19464826 -1.39077541
  -0.65257606 -0.00587163  0.66582288  0.65298321 -0.36799061 -0.60959513
   0.94596139  0.01642878 -0.02381235  0.19506381  0.         -0.91185832
   0.5598858   1.11749739  0.45895971 -1.6784528  -0.27854301  1.10405385
  -0.27294426 -0.91064169 -0.61742649 -0.51454395 -0.27294426 -0.52902125
  -0.62773565 -0.64842466  1.90515869 -0.26726124 -0.75870301  1.56723361
   2.15244056]
 [ 1.15007581 -1.26656808 -0.243202   -1.219179   -0.48765687 -0.92543808
   1.0849732   1.08560085 -0.93644622 -0.85118416 -0.43390945 -1.02338497
  -0.03176304  0.90014055  1.16487826 -0.6567326   1.24340941  0.40919277
   1.53238843  0.74559028  1.9016155   0.74047005  0.33127245 -1.1060081
   1.66061366  1.28669323 -0.87653026 -0.14595684  0.          0.91185832
  -1.37467896  0.8483074  -0.12545418  1.2648772  -0.27854301 -0.90575292
  -0.27294426 -0.91064169  1.61962601  1.94346857 -0.27294426 -0.52902125
  -0.62773565 -0.64842466 -0.52489066 -0.26726124 -0.75870301 -0.63806697
   1.12485914]
 [ 0.24614473 -0.03609391  1.38538282 -2.59300662 -0.48765687 -0.92543808
   0.07538275  0.8399898   1.54969419  0.74130033 -0.37313315  0.37213999
   0.96083203 -0.27039333 -0.80726326 -0.6567326   1.24340941  1.30917685
   1.53238843  1.22445555  1.62039346  0.0226803   1.27949913 -1.1060081
   1.66061366  3.76961276 -1.50529321 -1.51003942  0.         -0.91185832
  -1.26088103 -1.57440254  0.45895971  0.2460322  -0.27854301  1.10405385
  -0.27294426 -0.91064169 -0.61742649  1.94346857 -0.27294426 -0.52902125
  -0.62773565 -0.64842466 -0.52489066 -0.26726124  1.3180388  -0.63806697
   0.09727771]]]
[2025-01-26 03:02:02,435: INFO: model_trainer: Test X Scaled: [[ 0.12562059  1.19438026  1.38538282 -0.62922315 -0.48765687  1.08056932
  -0.42941247 -0.87928756  0.92815909  0.63321315 -0.34453253 -1.02338497
  -0.03176304  1.19277402  1.16487826 -0.6567326   1.24340941  0.40919277
  -0.65257606  0.55389082 -0.27686508  0.97907052  0.59106058  1.37605676
  -0.12601702  0.69595078 -0.62037039 -0.99850845  0.         -0.91185832
   0.5598858  -1.17061755  0.45895971 -1.2256328  -0.27854301 -0.90575292
  -0.27294426 -0.91064169  1.61962601 -0.51454395 -0.27294426 -0.52902125
   1.59302726 -0.64842466 -0.52489066 -0.26726124 -0.75870301  1.56723361
   0.09727771]
 [-0.70083067 -1.26656808  1.38538282 -1.35297073 -0.48765687 -0.92543808
   1.58976842  1.08560085 -1.55798133  1.00431247  0.94964527  0.37213999
  -0.52806058 -0.70934353 -0.80726326 -0.6567326   0.02438058  1.30917685
  -0.65257606  0.7057168   1.13320599 -0.22188518  0.74693346  1.12785027
  -0.39401162  1.35232807 -0.85181702 -0.6574878   0.         -0.91185832
  -0.12290176  0.7137124  -0.41766113 -1.1124278  -0.27854301  1.10405385
  -0.27294426 -0.91064169 -0.61742649 -0.51454395 -0.27294426  1.89028324
  -0.62773565 -0.64842466  1.90515869 -0.26726124 -0.75870301  1.56723361
  -0.93030372]
 [ 1.61495464  1.19438026  1.38538282  0.19847978 -0.48765687  1.08056932
   0.58017798 -0.63367651  1.54969419  1.53393966 -0.8271679   0.83731497
  -0.52806058  0.90014055 -0.80726326 -0.6567326   0.02438058  1.30917685
   1.53238843 -0.73663    -0.88287876 -0.23779188 -0.7338589  -1.1060081
   1.57128212 -0.73035712  0.75394766  1.21812575  0.         -0.91185832
  -0.6918914  -1.43980754  0.16675276 -1.5652478  -0.27854301  1.10405385
  -0.27294426  1.09812675 -0.61742649  1.94346857 -0.27294426 -0.52902125
  -0.62773565 -0.64842466 -0.52489066 -0.26726124  1.3180388  -0.63806697
   1.12485914]
 [-0.85579028 -0.03609391 -1.05749441  0.4386072   1.27921583 -0.92543808
   1.0849732   1.3312119  -1.55798133  0.98990085  0.94964527  0.83731497
   1.45712956  0.02224014 -0.80726326  1.52268975  1.24340941  1.30917685
  -0.65257606  1.34254243  1.73129792  1.72270866  0.95314029 -1.60242108
   1.03529292  0.8124896  -1.28496602 -0.6574878   0.         -0.91185832
   0.33228995  0.98290239 -1.5864889  -1.3388378  -0.27854301  1.10405385
  -0.27294426 -0.91064169  1.61962601 -0.51454395 -0.27294426 -0.52902125
   1.59302726 -0.64842466  1.90515869 -0.26726124  1.3180388  -0.63806697
  -0.93030372]
 [-1.77693909  1.19438026 -1.05749441  0.10683655 -0.48765687 -0.92543808
  -0.93420769 -0.87928756 -0.31491112 -0.85118416  0.94964527  1.30248996
   0.46453449 -1.73356067  2.15094902 -0.6567326  -1.19464826 -1.39077541
  -0.65257606  0.41893439 -0.34023906  0.85181694  0.45250691 -0.85780162
   1.12462446  0.22931256 -0.4043124   1.55914639  0.          0.91185832
  -0.23669969  0.17533242 -0.41766113  0.9252622  -0.27854301 -0.90575292
  -0.27294426 -0.91064169  1.61962601 -0.51454395 -0.27294426 -0.52902125
   1.59302726 -0.64842466 -0.52489066 -0.26726124 -0.75870301  1.56723361
  -0.93030372]]]
[2025-01-26 03:02:02,441: INFO: model_trainer: Initializing Gradient Boosting Classifier]
[2025-01-26 03:02:02,442: INFO: model_trainer: Fitting model on train data]
[2025-01-26 03:02:03,679: INFO: model_trainer: Dumping model to disk]
[2025-01-26 03:02:03,699: INFO: model_trainer: Model trained and saved to artifacts/model_trainer\GradientBoostingClassifier.joblib]
[2025-01-26 03:02:03,699: INFO: stage_04_model_trainer: Model training completed successfully]
[2025-01-26 03:02:03,699: INFO: main: >>>>>>>>>>>>>>>Stage Model Trainer Stage completed<<<<<<<<<<<<<<<<<<<<<<<]
[2025-01-26 03:02:03,706: INFO: main: >>>>>>>>>>>>>>>Stage Model Evaluation Stage started<<<<<<<<<<<<<<<<<<<<<<<<<]
[2025-01-26 03:02:03,706: INFO: common: Attempting to read YAML file from: C:\Users\Arpit Kadam\Desktop\Insurance-Fraud-Detection\config\config.yaml]
[2025-01-26 03:02:03,709: INFO: common: Attempting to read YAML file from: C:\Users\Arpit Kadam\Desktop\Insurance-Fraud-Detection\params.yaml]
[2025-01-26 03:02:03,709: INFO: common: Attempting to read YAML file from: C:\Users\Arpit Kadam\Desktop\Insurance-Fraud-Detection\schema.yaml]
[2025-01-26 03:02:03,726: INFO: configuration: Config: {'artifacts_root': 'artifacts', 'data_ingestion': {'root_dir': 'artifacts/data_ingestion', 'source_url': 'https://github.com/ArpitKadam/Insurance-Fraud-Detection/raw/refs/heads/main/data/data.zip', 'local_data_file': 'artifacts/data_ingestion/data.zip', 'unzip_dir': 'artifacts/data_ingestion'}, 'data_validation': {'root_dir': 'artifacts/data_validation', 'unzip_data_dir': 'artifacts/data_ingestion/insurance_claims.csv', 'STATUS_FILE': 'artifacts/data_validation/STATUS.txt'}, 'data_transformation': {'root_dir': 'artifacts/data_transformation', 'data_path': 'artifacts/data_ingestion/insurance_claims.csv'}, 'model_trainer': {'root_dir': 'artifacts/model_trainer', 'train_data_path': 'artifacts/data_transformation/train.csv', 'test_data_path': 'artifacts/data_transformation/test.csv', 'model_name': 'GradientBoostingClassifier.joblib', 'learning_rate': 0.1, 'max_depth': 5, 'n_estimators': 100, 'subsample': 0.8}, 'model_evaluation': {'root_dir': 'artifacts/model_evaluation', 'artifact_dir': 'artifacts/model_evaluation', 'test_data_path': 'artifacts/data_transformation/test.csv', 'model_path': 'artifacts/model_trainer/GradientBoostingClassifier.joblib', 'metric_file_name': 'artifacts/model_evaluation/metrics.json', 'mlflow_uri': 'https://dagshub.com/ArpitKadam/Insurance-Fraud-Detection.mlflow', 'target_column': 'fraud_reported', 'mlflow_experiment_name': 'Insurance-Fraud-Detection'}}]
[2025-01-26 03:02:03,726: INFO: configuration: Params: {'GradientBoostingClassifier': {'learning_rate': 0.1, 'max_depth': 5, 'n_estimators': 100, 'subsample': 0.8}}]
[2025-01-26 03:02:03,726: INFO: configuration: Schema: {'COLUMNS': {'months_as_customer': 'int64', 'age': 'int64', 'policy_number': 'int64', 'policy_bind_date': 'object', 'policy_state': 'object', 'policy_csl': 'object', 'policy_deductable': 'int64', 'policy_annual_premium': 'float64', 'umbrella_limit': 'int64', 'insured_zip': 'int64', 'insured_sex': 'object', 'insured_education_level': 'object', 'insured_occupation': 'object', 'insured_hobbies': 'object', 'insured_relationship': 'object', 'capital-gains': 'int64', 'capital-loss': 'int64', 'incident_date': 'object', 'incident_type': 'object', 'collision_type': 'object', 'incident_severity': 'object', 'authorities_contacted': 'object', 'incident_state': 'object', 'incident_city': 'object', 'incident_location': 'object', 'incident_hour_of_the_day': 'int64', 'number_of_vehicles_involved': 'int64', 'property_damage': 'object', 'bodily_injuries': 'int64', 'witnesses': 'int64', 'police_report_available': 'object', 'total_claim_amount': 'int64', 'injury_claim': 'int64', 'property_claim': 'int64', 'vehicle_claim': 'int64', 'auto_make': 'object', 'auto_model': 'object', 'auto_year': 'int64', 'fraud_reported': 'object'}, 'TARGET_COLUMN': {'fraud_reported': 'object'}}]
[2025-01-26 03:02:03,726: INFO: configuration: Artifacts Root: artifacts]
[2025-01-26 03:02:03,739: INFO: common: Directory created: artifacts]
[2025-01-26 03:02:03,743: INFO: common: Directory created: artifacts/model_evaluation]
[2025-01-26 03:02:03,743: INFO: configuration: Model Evaluation Config:]
[2025-01-26 03:02:03,744: INFO: configuration: ModelEvaluationConfig(root_dir='artifacts/model_evaluation', test_data_path='artifacts/data_transformation/test.csv', model_path='artifacts/model_trainer/GradientBoostingClassifier.joblib', all_params={'learning_rate': 0.1, 'max_depth': 5, 'n_estimators': 100, 'subsample': 0.8}, metric_file_name='artifacts/model_evaluation/metrics.json', target_column='fraud_reported', mlflow_uri='https://dagshub.com/ArpitKadam/Insurance-Fraud-Detection.mlflow', mlflow_experiment_name='insurance_fraud_experiment', mlflow_run_name='run_4', artifact_dir='artifacts/model_evaluation', mlflow_model_name='GradientBoostingClassifier')]
[2025-01-26 03:02:03,745: INFO: configuration: Model Evaluation Config Root Dir:]
[2025-01-26 03:02:03,745: INFO: configuration: artifacts/model_evaluation]
[2025-01-26 03:02:03,746: INFO: configuration: Model Evaluation Config Test Data Path:]
[2025-01-26 03:02:03,746: INFO: configuration: artifacts/data_transformation/test.csv]
[2025-01-26 03:02:03,747: INFO: configuration: Model Evaluation Config Model Path:]
[2025-01-26 03:02:03,749: INFO: configuration: artifacts/model_trainer/GradientBoostingClassifier.joblib]
[2025-01-26 03:02:03,749: INFO: configuration: Model Evaluation Config All Params:]
[2025-01-26 03:02:03,749: INFO: configuration: {'learning_rate': 0.1, 'max_depth': 5, 'n_estimators': 100, 'subsample': 0.8}]
[2025-01-26 03:02:03,749: INFO: configuration: Model Evaluation Config Metric File Name:]
[2025-01-26 03:02:03,750: INFO: configuration: artifacts/model_evaluation/metrics.json]
[2025-01-26 03:02:03,750: INFO: configuration: Model Evaluation Config Target Column:]
[2025-01-26 03:02:03,752: INFO: configuration: fraud_reported]
[2025-01-26 03:02:03,754: INFO: configuration: Model Evaluation Config Artifact Dir:]
[2025-01-26 03:02:03,755: INFO: configuration: artifacts/model_evaluation]
[2025-01-26 03:02:03,756: INFO: configuration: Model Evaluation Config Mlflow Uri:]
[2025-01-26 03:02:03,756: INFO: configuration: https://dagshub.com/ArpitKadam/Insurance-Fraud-Detection.mlflow]
[2025-01-26 03:02:03,757: INFO: configuration: Model Evaluation Config Mlflow Experiment Name:]
[2025-01-26 03:02:03,759: INFO: configuration: insurance_fraud_experiment]
[2025-01-26 03:02:03,760: INFO: configuration: Model Evaluation Config Mlflow Run Name:]
[2025-01-26 03:02:03,761: INFO: configuration: run_4]
[2025-01-26 03:02:03,761: INFO: model_evaluation: Loading test data and trained model.]
[2025-01-26 03:02:03,803: INFO: model_evaluation: Model loaded successfully]
[2025-01-26 03:02:03,803: INFO: model_evaluation: Preparing test data for evaluation.]
[2025-01-26 03:02:03,803: INFO: model_evaluation: Test data shape: (250, 49)]
[2025-01-26 03:02:03,803: INFO: model_evaluation: Target data shape: (250,)]
[2025-01-26 03:02:03,803: INFO: model_evaluation: Preparing test data for evaluation.]
[2025-01-26 03:02:03,803: INFO: model_evaluation: Test data scaled successfully]
[2025-01-26 03:02:03,803: INFO: model_evaluation: Starting MLflow run.]
[2025-01-26 03:02:04,973: INFO: model_evaluation: Making predictions and evaluating metrics.]
[2025-01-26 03:02:05,052: INFO: model_evaluation: Metrics evaluated successfully]
[2025-01-26 03:02:05,052: INFO: model_evaluation: Metrics: {'f1_score': 0.8359375, 'roc_auc_score': 0.8336216285476328, 'accuracy_score': 0.832, 'precision_score': 0.7925925925925926, 'recall_score': 0.8842975206611571, 'confusion_matrix': [[101, 28], [14, 107]], 'classification_report': {'0': {'precision': 0.8782608695652174, 'recall': 0.7829457364341085, 'f1-score': 0.8278688524590164, 'support': 129.0}, '1': {'precision': 0.7925925925925926, 'recall': 0.8842975206611571, 'f1-score': 0.8359375, 'support': 121.0}, 'accuracy': 0.832, 'macro avg': {'precision': 0.835426731078905, 'recall': 0.8336216285476328, 'f1-score': 0.8319031762295082, 'support': 250.0}, 'weighted avg': {'precision': 0.836797423510467, 'recall': 0.832, 'f1-score': 0.8317740778688525, 'support': 250.0}}}]
[2025-01-26 03:02:05,052: INFO: common: json file saved at: artifacts\model_evaluation\metrics.json]
[2025-01-26 03:02:05,052: INFO: model_evaluation: Metrics saved to artifacts/model_evaluation/metrics.json]
[2025-01-26 03:02:05,052: INFO: model_evaluation: Logging metrics to MLflow.]
[2025-01-26 03:02:07,534: INFO: model_evaluation: Metrics logged to MLflow.]
[2025-01-26 03:02:07,550: INFO: model_evaluation: Logging parameters to MLflow.]
[2025-01-26 03:02:08,035: INFO: model_evaluation: Parameters logged to MLflow.]
[2025-01-26 03:02:08,035: INFO: model_evaluation: Logging model with signature.]
[2025-01-26 03:02:38,235: INFO: model_evaluation: Model logged with signature.]
[2025-01-26 03:02:38,235: INFO: model_evaluation: Logging classification report and confusion matrix.]
[2025-01-26 03:02:38,251: INFO: model_evaluation: Classification report:               precision    recall  f1-score   support

           0       0.88      0.78      0.83       129
           1       0.79      0.88      0.84       121

    accuracy                           0.83       250
   macro avg       0.84      0.83      0.83       250
weighted avg       0.84      0.83      0.83       250
]
[2025-01-26 03:02:38,251: INFO: model_evaluation: Confusion matrix: [[101  28]
 [ 14 107]]]
[2025-01-26 03:02:38,251: INFO: model_evaluation: Classification report path: artifacts\model_evaluation\classification_report.txt]
[2025-01-26 03:02:38,251: INFO: model_evaluation: Confusion matrix path: artifacts\model_evaluation\confusion_matrix.txt]
[2025-01-26 03:02:38,251: INFO: model_evaluation: Writing classification report to text file.]
[2025-01-26 03:02:38,251: INFO: model_evaluation: Writing confusion matrix to text file.]
[2025-01-26 03:02:38,272: INFO: model_evaluation: Classification report saved as text files.]
[2025-01-26 03:02:38,282: INFO: model_evaluation: Confusion matrix saved as text files.]
[2025-01-26 03:02:38,283: INFO: model_evaluation: Logging classification report as artifacts in MLflow.]
[2025-01-26 03:02:38,854: INFO: model_evaluation: Logging confusion matrix as artifacts in MLflow.]
[2025-01-26 03:02:39,673: INFO: model_evaluation: Classification report logged as artifacts in MLflow.]
[2025-01-26 03:02:39,673: INFO: model_evaluation: Confusion matrix logged as artifacts in MLflow.]
[2025-01-26 03:02:39,673: INFO: model_evaluation: Model and metrics logged successfully.]
[2025-01-26 03:02:40,645: INFO: stage_05_model_evaluation: Model evaluation completed successfully]
[2025-01-26 03:02:40,646: INFO: main: >>>>>>>>>>>>>>>Stage Model Evaluation Stage completed<<<<<<<<<<<<<<<<<<<<<<<]
