[2025-01-21 23:10:55,769: INFO: main: >>>>>>>>>>>>>>>Stage Data Ingestion Stage started<<<<<<<<<<<<<<<<<<<<<<<<<]
[2025-01-21 23:10:55,769: INFO: common: Attempting to read YAML file from: C:\Users\Arpit Kadam\Desktop\Insurance-Fraud-Detection\config\config.yaml]
[2025-01-21 23:10:55,774: INFO: common: Attempting to read YAML file from: C:\Users\Arpit Kadam\Desktop\Insurance-Fraud-Detection\params.yaml]
[2025-01-21 23:10:55,776: INFO: common: Attempting to read YAML file from: C:\Users\Arpit Kadam\Desktop\Insurance-Fraud-Detection\schema.yaml]
[2025-01-21 23:10:55,782: INFO: configuration: Config: {'artifacts_root': 'artifacts', 'data_ingestion': {'root_dir': 'artifacts/data_ingestion', 'source_url': 'https://github.com/ArpitKadam/Insurance-Fraud-Detection/raw/refs/heads/main/data/data.zip', 'local_data_file': 'artifacts/data_ingestion/data.zip', 'unzip_dir': 'artifacts/data_ingestion'}, 'data_validation': {'root_dir': 'artifacts/data_validation', 'unzip_data_dir': 'artifacts/data_ingestion/insurance_claims.csv', 'STATUS_FILE': 'artifacts/data_validation/STATUS.txt'}}]
[2025-01-21 23:10:55,826: INFO: configuration: Params: {'key': 'value'}]
[2025-01-21 23:10:55,827: INFO: configuration: Schema: {'COLUMNS': {'months_as_customer': 'int64', 'age': 'int64', 'policy_number': 'int64', 'policy_bind_date': 'object', 'policy_state': 'object', 'policy_csl': 'object', 'policy_deductable': 'int64', 'policy_annual_premium': 'float64', 'umbrella_limit': 'int64', 'insured_zip': 'int64', 'insured_sex': 'object', 'insured_education_level': 'object', 'insured_occupation': 'object', 'insured_hobbies': 'object', 'insured_relationship': 'object', 'capital-gains': 'int64', 'capital-loss': 'int64', 'incident_date': 'object', 'incident_type': 'object', 'collision_type': 'object', 'incident_severity': 'object', 'authorities_contacted': 'object', 'incident_state': 'object', 'incident_city': 'object', 'incident_location': 'object', 'incident_hour_of_the_day': 'int64', 'number_of_vehicles_involved': 'int64', 'property_damage': 'object', 'bodily_injuries': 'int64', 'witnesses': 'int64', 'police_report_available': 'object', 'total_claim_amount': 'int64', 'injury_claim': 'int64', 'property_claim': 'int64', 'vehicle_claim': 'int64', 'auto_make': 'object', 'auto_model': 'object', 'auto_year': 'int64', 'fraud_reported': 'object'}, 'TARGET_COLUMN': {'fraud_reported': 'object'}}]
[2025-01-21 23:10:55,830: INFO: configuration: Artifacts Root: artifacts]
[2025-01-21 23:10:55,831: INFO: common: Directory created: artifacts]
[2025-01-21 23:10:55,831: INFO: configuration: Config: {'root_dir': 'artifacts/data_ingestion', 'source_url': 'https://github.com/ArpitKadam/Insurance-Fraud-Detection/raw/refs/heads/main/data/data.zip', 'local_data_file': 'artifacts/data_ingestion/data.zip', 'unzip_dir': 'artifacts/data_ingestion'}]
[2025-01-21 23:10:55,833: INFO: common: Directory created: artifacts/data_ingestion]
[2025-01-21 23:10:55,834: INFO: configuration: Root Dir: artifacts/data_ingestion]
[2025-01-21 23:10:55,834: INFO: configuration: Data Ingestion Config: DataIngestionConfig(root_dir='artifacts/data_ingestion', source_url='https://github.com/ArpitKadam/Insurance-Fraud-Detection/raw/refs/heads/main/data/data.zip', local_data_file='artifacts/data_ingestion/data.zip', unzip_dir='artifacts/data_ingestion')]
[2025-01-21 23:10:55,835: INFO: configuration: Data Ingestion Config Root Dir: artifacts/data_ingestion]
[2025-01-21 23:10:55,835: INFO: configuration: Data Ingestion Config Source URL: https://github.com/ArpitKadam/Insurance-Fraud-Detection/raw/refs/heads/main/data/data.zip]
[2025-01-21 23:10:55,836: INFO: configuration: Data Ingestion Config Local Data File: artifacts/data_ingestion/data.zip]
[2025-01-21 23:10:55,836: INFO: configuration: Data Ingestion Config Unzip Dir: artifacts/data_ingestion]
[2025-01-21 23:10:55,840: INFO: data_ingestion: Extracted data from artifacts/data_ingestion/data.zip to artifacts/data_ingestion]
[2025-01-21 23:10:55,841: INFO: data_ingestion: Data ingestion completed successfully. Files are saved in artifacts/data_ingestion]
[2025-01-21 23:10:55,842: INFO: main: >>>>>>>>>>>>>>>Stage Data Ingestion Stage completed<<<<<<<<<<<<<<<<<<<<<<<]
[2025-01-21 23:10:55,842: INFO: main: >>>>>>>>>>>>>>>Stage Data Validation Stage started<<<<<<<<<<<<<<<<<<<<<<<<<]
[2025-01-21 23:10:55,843: INFO: common: Attempting to read YAML file from: C:\Users\Arpit Kadam\Desktop\Insurance-Fraud-Detection\config\config.yaml]
[2025-01-21 23:10:55,846: INFO: common: Attempting to read YAML file from: C:\Users\Arpit Kadam\Desktop\Insurance-Fraud-Detection\params.yaml]
[2025-01-21 23:10:55,847: INFO: common: Attempting to read YAML file from: C:\Users\Arpit Kadam\Desktop\Insurance-Fraud-Detection\schema.yaml]
[2025-01-21 23:10:55,858: INFO: configuration: Config: {'artifacts_root': 'artifacts', 'data_ingestion': {'root_dir': 'artifacts/data_ingestion', 'source_url': 'https://github.com/ArpitKadam/Insurance-Fraud-Detection/raw/refs/heads/main/data/data.zip', 'local_data_file': 'artifacts/data_ingestion/data.zip', 'unzip_dir': 'artifacts/data_ingestion'}, 'data_validation': {'root_dir': 'artifacts/data_validation', 'unzip_data_dir': 'artifacts/data_ingestion/insurance_claims.csv', 'STATUS_FILE': 'artifacts/data_validation/STATUS.txt'}}]
[2025-01-21 23:10:55,859: INFO: configuration: Params: {'key': 'value'}]
[2025-01-21 23:10:55,860: INFO: configuration: Schema: {'COLUMNS': {'months_as_customer': 'int64', 'age': 'int64', 'policy_number': 'int64', 'policy_bind_date': 'object', 'policy_state': 'object', 'policy_csl': 'object', 'policy_deductable': 'int64', 'policy_annual_premium': 'float64', 'umbrella_limit': 'int64', 'insured_zip': 'int64', 'insured_sex': 'object', 'insured_education_level': 'object', 'insured_occupation': 'object', 'insured_hobbies': 'object', 'insured_relationship': 'object', 'capital-gains': 'int64', 'capital-loss': 'int64', 'incident_date': 'object', 'incident_type': 'object', 'collision_type': 'object', 'incident_severity': 'object', 'authorities_contacted': 'object', 'incident_state': 'object', 'incident_city': 'object', 'incident_location': 'object', 'incident_hour_of_the_day': 'int64', 'number_of_vehicles_involved': 'int64', 'property_damage': 'object', 'bodily_injuries': 'int64', 'witnesses': 'int64', 'police_report_available': 'object', 'total_claim_amount': 'int64', 'injury_claim': 'int64', 'property_claim': 'int64', 'vehicle_claim': 'int64', 'auto_make': 'object', 'auto_model': 'object', 'auto_year': 'int64', 'fraud_reported': 'object'}, 'TARGET_COLUMN': {'fraud_reported': 'object'}}]
[2025-01-21 23:10:55,862: INFO: configuration: Artifacts Root: artifacts]
[2025-01-21 23:10:55,863: INFO: common: Directory created: artifacts]
[2025-01-21 23:10:55,864: INFO: common: Directory created: artifacts/data_validation]
[2025-01-21 23:10:56,133: INFO: main: >>>>>>>>>>>>>>>Stage Data Validation Stage completed<<<<<<<<<<<<<<<<<<<<<<<]
